{"time":"2025-11-09 21:19:48","payload":{"id":1,"occurredAt":"2025-09-30T17:19:00+00:00","location":{"locationType":"roadsegment","locationId":38,"latitude":47.46968,"longitude":19.04596,"distanceFromStart":57.9},"type":"PDO","cost":309.12}}
{"time":"2025-11-09 21:19:48","payload":{"id":2,"occurredAt":"2025-03-21T21:15:00+00:00","location":{"locationType":"intersection","locationId":19,"latitude":47.4887,"longitude":19.06485,"distanceFromStart":null},"type":"PDO","cost":538.96}}
{"time":"2025-11-09 21:19:48","payload":{"id":3,"occurredAt":"2025-05-19T22:18:00+00:00","location":{"locationType":"roadsegment","locationId":46,"latitude":47.45367,"longitude":19.04712,"distanceFromStart":48},"type":"PDO","cost":433.24}}
{"time":"2025-11-09 21:19:48","payload":{"id":4,"occurredAt":"2025-08-24T09:00:00+00:00","location":{"locationType":"intersection","locationId":86,"latitude":47.51712,"longitude":19.04566,"distanceFromStart":null},"type":"PDO","cost":420.61}}
{"time":"2025-11-09 21:19:48","payload":{"id":5,"occurredAt":"2025-05-12T22:33:00+00:00","location":{"locationType":"intersection","locationId":99,"latitude":47.51603,"longitude":19.07921,"distanceFromStart":null},"type":"PDO","cost":196.55}}
{"time":"2025-11-09 21:19:48","payload":{"id":6,"occurredAt":"2025-02-08T15:34:00+00:00","location":{"locationType":"roadsegment","locationId":34,"latitude":47.4566,"longitude":19.0283,"distanceFromStart":79.7},"type":"PDO","cost":746.78}}
{"time":"2025-11-09 21:19:48","payload":{"id":7,"occurredAt":"2025-09-11T23:07:00+00:00","location":{"locationType":"intersection","locationId":61,"latitude":47.48662,"longitude":19.03378,"distanceFromStart":null},"type":"PDO","cost":373.91}}
{"time":"2025-11-09 21:19:48","payload":{"id":8,"occurredAt":"2025-02-12T06:37:00+00:00","location":{"locationType":"roadsegment","locationId":3,"latitude":47.52612,"longitude":19.01538,"distanceFromStart":66.4},"type":"PDO","cost":156.26}}
{"time":"2025-11-09 21:19:48","payload":{"id":9,"occurredAt":"2025-03-19T19:03:00+00:00","location":{"locationType":"roadsegment","locationId":10,"latitude":47.49897,"longitude":19.07898,"distanceFromStart":70.1},"type":"PDO","cost":762.75}}
{"time":"2025-11-09 21:19:48","payload":{"id":10,"occurredAt":"2025-03-09T10:29:00+00:00","location":{"locationType":"roadsegment","locationId":19,"latitude":47.47944,"longitude":19.05558,"distanceFromStart":60.9},"type":"PDO","cost":708.32}}
{"time":"2025-11-09 21:19:48","payload":{"id":11,"occurredAt":"2024-11-10T11:31:00+00:00","location":{"locationType":"roadsegment","locationId":5,"latitude":47.49233,"longitude":19.03311,"distanceFromStart":5.6},"type":"PDO","cost":598.77}}
{"time":"2025-11-09 21:19:48","payload":{"id":12,"occurredAt":"2024-12-13T10:20:00+00:00","location":{"locationType":"roadsegment","locationId":27,"latitude":47.51467,"longitude":19.01235,"distanceFromStart":6.6},"type":"PDO","cost":552.61}}
{"time":"2025-11-09 21:19:48","payload":{"id":13,"occurredAt":"2025-02-06T19:01:00+00:00","location":{"locationType":"roadsegment","locationId":21,"latitude":47.49602,"longitude":19.01333,"distanceFromStart":74.9},"type":"PDO","cost":370.79}}
{"time":"2025-11-09 21:19:48","payload":{"id":14,"occurredAt":"2025-09-17T10:23:00+00:00","location":{"locationType":"intersection","locationId":47,"latitude":47.4869,"longitude":19.06029,"distanceFromStart":null},"type":"PDO","cost":479.08}}
{"time":"2025-11-09 21:19:48","payload":{"id":15,"occurredAt":"2025-03-14T10:18:00+00:00","location":{"locationType":"roadsegment","locationId":11,"latitude":47.46784,"longitude":19.07747,"distanceFromStart":74.9},"type":"PDO","cost":779.53}}
{"time":"2025-11-09 21:19:48","payload":{"id":16,"occurredAt":"2025-05-07T18:25:00+00:00","location":{"locationType":"intersection","locationId":37,"latitude":47.50119,"longitude":19.06882,"distanceFromStart":null},"type":"PDO","cost":625.88}}
{"time":"2025-11-09 21:19:48","payload":{"id":17,"occurredAt":"2025-11-09T08:48:00+00:00","location":{"locationType":"roadsegment","locationId":16,"latitude":47.45822,"longitude":19.06856,"distanceFromStart":84.9},"type":"PDO","cost":229.39}}
{"time":"2025-11-09 21:19:48","payload":{"id":18,"occurredAt":"2025-05-30T08:48:00+00:00","location":{"locationType":"intersection","locationId":87,"latitude":47.51417,"longitude":19.02259,"distanceFromStart":null},"type":"PDO","cost":229.19}}
{"time":"2025-11-09 21:19:48","payload":{"id":19,"occurredAt":"2025-08-06T05:25:00+00:00","location":{"locationType":"intersection","locationId":7,"latitude":47.49477,"longitude":19.07002,"distanceFromStart":null},"type":"PDO","cost":472.21}}
{"time":"2025-11-09 21:19:48","payload":{"id":20,"occurredAt":"2025-07-19T23:45:00+00:00","location":{"locationType":"intersection","locationId":62,"latitude":47.49491,"longitude":19.04389,"distanceFromStart":null},"type":"PDO","cost":607.8}}
{"time":"2025-11-09 21:19:48","payload":{"id":21,"occurredAt":"2025-10-22T14:00:00+00:00","location":{"locationType":"intersection","locationId":11,"latitude":47.47544,"longitude":19.02672,"distanceFromStart":null},"type":"PDO","cost":460.92}}
{"time":"2025-11-09 21:19:48","payload":{"id":22,"occurredAt":"2024-12-12T13:48:00+00:00","location":{"locationType":"intersection","locationId":32,"latitude":47.49427,"longitude":19.06617,"distanceFromStart":null},"type":"PDO","cost":631.33}}
{"time":"2025-11-09 21:19:48","payload":{"id":23,"occurredAt":"2025-09-02T00:56:00+00:00","location":{"locationType":"intersection","locationId":21,"latitude":47.49622,"longitude":19.02261,"distanceFromStart":null},"type":"PDO","cost":437.34}}
{"time":"2025-11-09 21:19:48","payload":{"id":24,"occurredAt":"2025-03-10T22:37:00+00:00","location":{"locationType":"intersection","locationId":43,"latitude":47.50989,"longitude":19.07436,"distanceFromStart":null},"type":"PDO","cost":624.89}}
{"time":"2025-11-09 21:19:48","payload":{"id":25,"occurredAt":"2025-04-12T11:40:00+00:00","location":{"locationType":"intersection","locationId":73,"latitude":47.48312,"longitude":19.05865,"distanceFromStart":null},"type":"PDO","cost":178.57}}
{"time":"2025-11-09 21:19:48","payload":{"id":26,"occurredAt":"2025-09-09T01:19:00+00:00","location":{"locationType":"intersection","locationId":62,"latitude":47.49491,"longitude":19.04389,"distanceFromStart":null},"type":"PDO","cost":571.36}}
{"time":"2025-11-09 21:19:48","payload":{"id":27,"occurredAt":"2025-04-25T09:57:00+00:00","location":{"locationType":"intersection","locationId":64,"latitude":47.4916,"longitude":19.0273,"distanceFromStart":null},"type":"PDO","cost":355.15}}
{"time":"2025-11-09 21:19:48","payload":{"id":28,"occurredAt":"2025-10-03T17:09:00+00:00","location":{"locationType":"intersection","locationId":97,"latitude":47.51154,"longitude":19.05143,"distanceFromStart":null},"type":"PDO","cost":149.49}}
{"time":"2025-11-09 21:19:48","payload":{"id":29,"occurredAt":"2025-05-18T02:40:00+00:00","location":{"locationType":"intersection","locationId":52,"latitude":47.51582,"longitude":19.07303,"distanceFromStart":null},"type":"PDO","cost":752.37}}
{"time":"2025-11-09 21:19:48","payload":{"id":30,"occurredAt":"2025-04-17T12:47:00+00:00","location":{"locationType":"intersection","locationId":53,"latitude":47.47105,"longitude":19.03415,"distanceFromStart":null},"type":"PDO","cost":776.23}}
{"time":"2025-11-09 21:19:48","payload":{"id":31,"occurredAt":"2025-08-08T08:40:00+00:00","location":{"locationType":"roadsegment","locationId":47,"latitude":47.51763,"longitude":19.05335,"distanceFromStart":88.2},"type":"PDO","cost":592.71}}
{"time":"2025-11-09 21:19:48","payload":{"id":32,"occurredAt":"2024-11-17T10:03:00+00:00","location":{"locationType":"intersection","locationId":4,"latitude":47.50136,"longitude":19.07075,"distanceFromStart":null},"type":"PDO","cost":426.46}}
{"time":"2025-11-09 21:19:48","payload":{"id":33,"occurredAt":"2025-03-11T20:14:00+00:00","location":{"locationType":"roadsegment","locationId":6,"latitude":47.45979,"longitude":19.03775,"distanceFromStart":54.7},"type":"PDO","cost":442.92}}
{"time":"2025-11-09 21:19:48","payload":{"id":34,"occurredAt":"2025-10-30T14:11:00+00:00","location":{"locationType":"roadsegment","locationId":34,"latitude":47.4566,"longitude":19.0283,"distanceFromStart":85.8},"type":"PDO","cost":226.25}}
{"time":"2025-11-09 21:19:48","payload":{"id":35,"occurredAt":"2025-02-13T01:59:00+00:00","location":{"locationType":"intersection","locationId":24,"latitude":47.47756,"longitude":19.04868,"distanceFromStart":null},"type":"PDO","cost":445.83}}
{"time":"2025-11-09 21:19:48","payload":{"id":36,"occurredAt":"2025-05-04T20:13:00+00:00","location":{"locationType":"intersection","locationId":24,"latitude":47.47756,"longitude":19.04868,"distanceFromStart":null},"type":"PDO","cost":184.55}}
{"time":"2025-11-09 21:19:48","payload":{"id":37,"occurredAt":"2025-08-25T19:10:00+00:00","location":{"locationType":"intersection","locationId":19,"latitude":47.4887,"longitude":19.06485,"distanceFromStart":null},"type":"PDO","cost":690.15}}
{"time":"2025-11-09 21:19:48","payload":{"id":38,"occurredAt":"2025-09-16T08:14:00+00:00","location":{"locationType":"roadsegment","locationId":11,"latitude":47.46784,"longitude":19.07747,"distanceFromStart":99.9},"type":"PDO","cost":434.55}}
{"time":"2025-11-09 21:19:48","payload":{"id":39,"occurredAt":"2025-06-07T02:23:00+00:00","location":{"locationType":"intersection","locationId":68,"latitude":47.52787,"longitude":19.03094,"distanceFromStart":null},"type":"PDO","cost":510.86}}
{"time":"2025-11-09 21:19:48","payload":{"id":40,"occurredAt":"2025-07-22T07:58:00+00:00","location":{"locationType":"intersection","locationId":18,"latitude":47.51423,"longitude":19.06863,"distanceFromStart":null},"type":"PDO","cost":315.52}}
{"time":"2025-11-09 21:19:48","payload":{"id":41,"occurredAt":"2025-06-14T11:49:00+00:00","location":{"locationType":"intersection","locationId":40,"latitude":47.49596,"longitude":19.05033,"distanceFromStart":null},"type":"PDO","cost":738.06}}
{"time":"2025-11-09 21:19:48","payload":{"id":42,"occurredAt":"2024-12-17T06:13:00+00:00","location":{"locationType":"roadsegment","locationId":38,"latitude":47.46968,"longitude":19.04596,"distanceFromStart":33},"type":"PDO","cost":440.35}}
{"time":"2025-11-09 21:19:48","payload":{"id":43,"occurredAt":"2024-11-23T18:11:00+00:00","location":{"locationType":"roadsegment","locationId":16,"latitude":47.45822,"longitude":19.06856,"distanceFromStart":91},"type":"PDO","cost":253.67}}
{"time":"2025-11-09 21:19:48","payload":{"id":44,"occurredAt":"2025-07-30T05:12:00+00:00","location":{"locationType":"intersection","locationId":9,"latitude":47.47969,"longitude":19.03048,"distanceFromStart":null},"type":"PDO","cost":672.39}}
{"time":"2025-11-09 21:19:48","payload":{"id":45,"occurredAt":"2025-01-27T14:24:00+00:00","location":{"locationType":"roadsegment","locationId":43,"latitude":47.52274,"longitude":19.03046,"distanceFromStart":73.6},"type":"PDO","cost":798.32}}
{"time":"2025-11-09 21:19:48","payload":{"id":46,"occurredAt":"2025-02-17T18:26:00+00:00","location":{"locationType":"roadsegment","locationId":2,"latitude":47.51195,"longitude":19.00015,"distanceFromStart":32.4},"type":"PDO","cost":661.55}}
{"time":"2025-11-09 21:19:48","payload":{"id":47,"occurredAt":"2024-12-28T01:07:00+00:00","location":{"locationType":"roadsegment","locationId":18,"latitude":47.46899,"longitude":19.06617,"distanceFromStart":45},"type":"PDO","cost":53.07}}
{"time":"2025-11-09 21:19:48","payload":{"id":48,"occurredAt":"2024-11-18T05:14:00+00:00","location":{"locationType":"roadsegment","locationId":42,"latitude":47.45353,"longitude":19.06722,"distanceFromStart":75.6},"type":"PDO","cost":695.69}}
{"time":"2025-11-09 21:19:48","payload":{"id":49,"occurredAt":"2025-07-16T05:18:00+00:00","location":{"locationType":"roadsegment","locationId":38,"latitude":47.46968,"longitude":19.04596,"distanceFromStart":46.1},"type":"PDO","cost":499.39}}
{"time":"2025-11-09 21:19:48","payload":{"id":50,"occurredAt":"2025-10-23T23:49:00+00:00","location":{"locationType":"roadsegment","locationId":30,"latitude":47.51363,"longitude":19.01026,"distanceFromStart":54.4},"type":"PDO","cost":161.38}}
{"time":"2025-11-09 21:19:48","payload":{"id":51,"occurredAt":"2025-07-10T16:27:00+00:00","location":{"locationType":"intersection","locationId":46,"latitude":47.47399,"longitude":19.06887,"distanceFromStart":null},"type":"PDO","cost":545.82}}
{"time":"2025-11-09 21:19:48","payload":{"id":52,"occurredAt":"2025-04-13T04:49:00+00:00","location":{"locationType":"intersection","locationId":83,"latitude":47.52164,"longitude":19.05423,"distanceFromStart":null},"type":"PDO","cost":755.11}}
{"time":"2025-11-09 21:19:48","payload":{"id":53,"occurredAt":"2025-06-05T17:06:00+00:00","location":{"locationType":"roadsegment","locationId":26,"latitude":47.51531,"longitude":19.00637,"distanceFromStart":95.4},"type":"PDO","cost":610.25}}
{"time":"2025-11-09 21:19:48","payload":{"id":54,"occurredAt":"2025-10-14T22:14:00+00:00","location":{"locationType":"intersection","locationId":92,"latitude":47.52037,"longitude":19.05651,"distanceFromStart":null},"type":"PDO","cost":443.01}}
{"time":"2025-11-09 21:19:48","payload":{"id":55,"occurredAt":"2025-09-26T10:49:00+00:00","location":{"locationType":"intersection","locationId":72,"latitude":47.52137,"longitude":19.045,"distanceFromStart":null},"type":"PDO","cost":379.07}}
{"time":"2025-11-09 21:19:48","payload":{"id":56,"occurredAt":"2025-08-15T17:20:00+00:00","location":{"locationType":"roadsegment","locationId":43,"latitude":47.52274,"longitude":19.03046,"distanceFromStart":50.1},"type":"PDO","cost":92.13}}
{"time":"2025-11-09 21:19:48","payload":{"id":57,"occurredAt":"2025-02-10T11:19:00+00:00","location":{"locationType":"roadsegment","locationId":30,"latitude":47.51363,"longitude":19.01026,"distanceFromStart":14.4},"type":"PDO","cost":330.59}}
{"time":"2025-11-09 21:19:48","payload":{"id":58,"occurredAt":"2025-07-31T05:56:00+00:00","location":{"locationType":"roadsegment","locationId":3,"latitude":47.52612,"longitude":19.01538,"distanceFromStart":95.3},"type":"PDO","cost":533.74}}
{"time":"2025-11-09 21:19:48","payload":{"id":59,"occurredAt":"2025-06-26T19:58:00+00:00","location":{"locationType":"intersection","locationId":26,"latitude":47.51063,"longitude":19.0596,"distanceFromStart":null},"type":"PDO","cost":429.89}}
{"time":"2025-11-09 21:19:48","payload":{"id":60,"occurredAt":"2025-10-03T12:27:00+00:00","location":{"locationType":"roadsegment","locationId":24,"latitude":47.49213,"longitude":19.06625,"distanceFromStart":62.9},"type":"PDO","cost":373.91}}
{"time":"2025-11-09 21:19:48","payload":{"id":61,"occurredAt":"2025-07-06T05:17:00+00:00","location":{"locationType":"roadsegment","locationId":39,"latitude":47.46195,"longitude":19.07747,"distanceFromStart":7.5},"type":"PDO","cost":462.22}}
{"time":"2025-11-09 21:19:48","payload":{"id":62,"occurredAt":"2024-12-30T12:19:00+00:00","location":{"locationType":"intersection","locationId":5,"latitude":47.4916,"longitude":19.02813,"distanceFromStart":null},"type":"PDO","cost":684.73}}
{"time":"2025-11-09 21:19:48","payload":{"id":63,"occurredAt":"2025-08-30T23:07:00+00:00","location":{"locationType":"roadsegment","locationId":37,"latitude":47.49961,"longitude":19.07216,"distanceFromStart":83.5},"type":"PDO","cost":475.17}}
{"time":"2025-11-09 21:19:48","payload":{"id":64,"occurredAt":"2025-02-20T10:41:00+00:00","location":{"locationType":"intersection","locationId":90,"latitude":47.49994,"longitude":19.07292,"distanceFromStart":null},"type":"PDO","cost":538.1}}
{"time":"2025-11-09 21:19:48","payload":{"id":65,"occurredAt":"2025-05-02T10:25:00+00:00","location":{"locationType":"intersection","locationId":78,"latitude":47.51835,"longitude":19.06994,"distanceFromStart":null},"type":"PDO","cost":633.15}}
{"time":"2025-11-09 21:19:48","payload":{"id":66,"occurredAt":"2025-01-16T11:49:00+00:00","location":{"locationType":"roadsegment","locationId":49,"latitude":47.45857,"longitude":19.06161,"distanceFromStart":20.4},"type":"PDO","cost":694.25}}
{"time":"2025-11-09 21:19:48","payload":{"id":67,"occurredAt":"2025-01-24T22:51:00+00:00","location":{"locationType":"roadsegment","locationId":10,"latitude":47.49897,"longitude":19.07898,"distanceFromStart":85},"type":"PDO","cost":634.93}}
{"time":"2025-11-09 21:19:48","payload":{"id":68,"occurredAt":"2025-01-16T07:02:00+00:00","location":{"locationType":"intersection","locationId":32,"latitude":47.49427,"longitude":19.06617,"distanceFromStart":null},"type":"PDO","cost":483.01}}
{"time":"2025-11-09 21:19:48","payload":{"id":69,"occurredAt":"2025-04-09T05:20:00+00:00","location":{"locationType":"roadsegment","locationId":3,"latitude":47.52612,"longitude":19.01538,"distanceFromStart":82.8},"type":"PDO","cost":668.58}}
{"time":"2025-11-09 21:19:48","payload":{"id":70,"occurredAt":"2025-09-11T00:12:00+00:00","location":{"locationType":"intersection","locationId":39,"latitude":47.49717,"longitude":19.04285,"distanceFromStart":null},"type":"PDO","cost":395.53}}
{"time":"2025-11-09 21:19:48","payload":{"id":71,"occurredAt":"2025-06-04T09:48:00+00:00","location":{"locationType":"intersection","locationId":46,"latitude":47.47399,"longitude":19.06887,"distanceFromStart":null},"type":"PDO","cost":534.51}}
{"time":"2025-11-09 21:19:48","payload":{"id":72,"occurredAt":"2025-05-10T13:08:00+00:00","location":{"locationType":"intersection","locationId":92,"latitude":47.52037,"longitude":19.05651,"distanceFromStart":null},"type":"PDO","cost":648.23}}
{"time":"2025-11-09 21:19:48","payload":{"id":73,"occurredAt":"2025-10-17T03:26:00+00:00","location":{"locationType":"roadsegment","locationId":27,"latitude":47.51467,"longitude":19.01235,"distanceFromStart":37.7},"type":"PDO","cost":461.45}}
{"time":"2025-11-09 21:19:48","payload":{"id":74,"occurredAt":"2025-01-08T01:31:00+00:00","location":{"locationType":"roadsegment","locationId":39,"latitude":47.46195,"longitude":19.07747,"distanceFromStart":87.7},"type":"PDO","cost":503.63}}
{"time":"2025-11-09 21:19:48","payload":{"id":75,"occurredAt":"2024-11-24T04:52:00+00:00","location":{"locationType":"intersection","locationId":69,"latitude":47.51984,"longitude":19.0434,"distanceFromStart":null},"type":"PDO","cost":154.23}}
{"time":"2025-11-09 21:19:48","payload":{"id":76,"occurredAt":"2025-08-18T06:52:00+00:00","location":{"locationType":"intersection","locationId":12,"latitude":47.49015,"longitude":19.07767,"distanceFromStart":null},"type":"PDO","cost":638.39}}
{"time":"2025-11-09 21:19:48","payload":{"id":77,"occurredAt":"2025-07-31T23:56:00+00:00","location":{"locationType":"intersection","locationId":21,"latitude":47.49622,"longitude":19.02261,"distanceFromStart":null},"type":"PDO","cost":159.52}}
{"time":"2025-11-09 21:19:48","payload":{"id":78,"occurredAt":"2025-06-13T12:14:00+00:00","location":{"locationType":"intersection","locationId":95,"latitude":47.48134,"longitude":19.06345,"distanceFromStart":null},"type":"PDO","cost":148.84}}
{"time":"2025-11-09 21:19:48","payload":{"id":79,"occurredAt":"2025-06-28T13:56:00+00:00","location":{"locationType":"intersection","locationId":21,"latitude":47.49622,"longitude":19.02261,"distanceFromStart":null},"type":"PDO","cost":678.87}}
{"time":"2025-11-09 21:19:48","payload":{"id":80,"occurredAt":"2025-06-18T20:48:00+00:00","location":{"locationType":"roadsegment","locationId":38,"latitude":47.46968,"longitude":19.04596,"distanceFromStart":69.2},"type":"PDO","cost":183.1}}
{"time":"2025-11-09 21:19:48","payload":{"id":81,"occurredAt":"2024-12-18T03:39:00+00:00","location":{"locationType":"intersection","locationId":80,"latitude":47.50506,"longitude":19.04845,"distanceFromStart":null},"type":"PDO","cost":310.35}}
{"time":"2025-11-09 21:19:48","payload":{"id":82,"occurredAt":"2024-12-18T10:49:00+00:00","location":{"locationType":"intersection","locationId":57,"latitude":47.52284,"longitude":19.0633,"distanceFromStart":null},"type":"PDO","cost":714.7}}
{"time":"2025-11-09 21:19:48","payload":{"id":83,"occurredAt":"2025-06-17T01:14:00+00:00","location":{"locationType":"roadsegment","locationId":32,"latitude":47.47843,"longitude":19.03723,"distanceFromStart":93.8},"type":"PDO","cost":787.37}}
{"time":"2025-11-09 21:19:48","payload":{"id":84,"occurredAt":"2024-12-26T06:42:00+00:00","location":{"locationType":"intersection","locationId":49,"latitude":47.51928,"longitude":19.0767,"distanceFromStart":null},"type":"PDO","cost":475.92}}
{"time":"2025-11-09 21:19:48","payload":{"id":85,"occurredAt":"2025-04-22T15:39:00+00:00","location":{"locationType":"roadsegment","locationId":32,"latitude":47.47843,"longitude":19.03723,"distanceFromStart":88.9},"type":"PDO","cost":61.9}}
{"time":"2025-11-09 21:19:48","payload":{"id":86,"occurredAt":"2024-12-27T21:30:00+00:00","location":{"locationType":"intersection","locationId":15,"latitude":47.47706,"longitude":19.03227,"distanceFromStart":null},"type":"PDO","cost":424.42}}
{"time":"2025-11-09 21:19:48","payload":{"id":87,"occurredAt":"2025-04-15T15:15:00+00:00","location":{"locationType":"intersection","locationId":12,"latitude":47.49015,"longitude":19.07767,"distanceFromStart":null},"type":"PDO","cost":757.74}}
{"time":"2025-11-09 21:19:48","payload":{"id":88,"occurredAt":"2025-07-14T08:37:00+00:00","location":{"locationType":"intersection","locationId":11,"latitude":47.47544,"longitude":19.02672,"distanceFromStart":null},"type":"PDO","cost":97.89}}
{"time":"2025-11-09 21:19:48","payload":{"id":89,"occurredAt":"2024-12-18T01:50:00+00:00","location":{"locationType":"roadsegment","locationId":2,"latitude":47.51195,"longitude":19.00015,"distanceFromStart":9.4},"type":"PDO","cost":155.83}}
{"time":"2025-11-09 21:19:48","payload":{"id":90,"occurredAt":"2025-11-08T14:50:00+00:00","location":{"locationType":"roadsegment","locationId":3,"latitude":47.52612,"longitude":19.01538,"distanceFromStart":62},"type":"PDO","cost":735.79}}
{"time":"2025-11-09 21:19:48","payload":{"id":91,"occurredAt":"2025-09-04T02:41:00+00:00","location":{"locationType":"intersection","locationId":64,"latitude":47.4916,"longitude":19.0273,"distanceFromStart":null},"type":"PDO","cost":511.74}}
{"time":"2025-11-09 21:19:48","payload":{"id":92,"occurredAt":"2025-09-13T03:52:00+00:00","location":{"locationType":"roadsegment","locationId":8,"latitude":47.52504,"longitude":19.06323,"distanceFromStart":80.4},"type":"PDO","cost":387.11}}
{"time":"2025-11-09 21:19:48","payload":{"id":93,"occurredAt":"2025-11-04T20:02:00+00:00","location":{"locationType":"intersection","locationId":35,"latitude":47.52993,"longitude":19.03836,"distanceFromStart":null},"type":"PDO","cost":707.41}}
{"time":"2025-11-09 21:19:48","payload":{"id":94,"occurredAt":"2025-01-10T04:14:00+00:00","location":{"locationType":"intersection","locationId":18,"latitude":47.51423,"longitude":19.06863,"distanceFromStart":null},"type":"PDO","cost":366.6}}
{"time":"2025-11-09 21:19:48","payload":{"id":95,"occurredAt":"2025-06-05T16:28:00+00:00","location":{"locationType":"intersection","locationId":37,"latitude":47.50119,"longitude":19.06882,"distanceFromStart":null},"type":"PDO","cost":442.12}}
{"time":"2025-11-09 21:19:48","payload":{"id":96,"occurredAt":"2025-07-14T02:01:00+00:00","location":{"locationType":"intersection","locationId":79,"latitude":47.47095,"longitude":19.06747,"distanceFromStart":null},"type":"PDO","cost":380.05}}
{"time":"2025-11-09 21:19:48","payload":{"id":97,"occurredAt":"2025-04-05T17:03:00+00:00","location":{"locationType":"roadsegment","locationId":33,"latitude":47.49025,"longitude":19.01119,"distanceFromStart":80.4},"type":"PDO","cost":351.42}}
{"time":"2025-11-09 21:19:48","payload":{"id":98,"occurredAt":"2025-04-01T04:39:00+00:00","location":{"locationType":"intersection","locationId":70,"latitude":47.49589,"longitude":19.03922,"distanceFromStart":null},"type":"PDO","cost":397.01}}
{"time":"2025-11-09 21:19:48","payload":{"id":99,"occurredAt":"2025-05-04T14:13:00+00:00","location":{"locationType":"roadsegment","locationId":24,"latitude":47.49213,"longitude":19.06625,"distanceFromStart":37.9},"type":"PDO","cost":217.12}}
{"time":"2025-11-09 21:19:48","payload":{"id":100,"occurredAt":"2025-08-14T04:01:00+00:00","location":{"locationType":"intersection","locationId":71,"latitude":47.52668,"longitude":19.02518,"distanceFromStart":null},"type":"PDO","cost":131.96}}
{"time":"2025-11-09 21:19:48","payload":{"id":101,"occurredAt":"2025-01-29T05:01:00+00:00","location":{"locationType":"roadsegment","locationId":35,"latitude":47.46167,"longitude":19.05118,"distanceFromStart":2.5},"type":"PDO","cost":470.43}}
{"time":"2025-11-09 21:19:48","payload":{"id":102,"occurredAt":"2025-08-18T02:36:00+00:00","location":{"locationType":"intersection","locationId":17,"latitude":47.47335,"longitude":19.02116,"distanceFromStart":null},"type":"PDO","cost":783.22}}
{"time":"2025-11-09 21:19:48","payload":{"id":103,"occurredAt":"2025-06-30T07:07:00+00:00","location":{"locationType":"roadsegment","locationId":4,"latitude":47.4619,"longitude":19.04793,"distanceFromStart":11.6},"type":"PDO","cost":144.41}}
{"time":"2025-11-09 21:19:48","payload":{"id":104,"occurredAt":"2025-07-28T02:12:00+00:00","location":{"locationType":"intersection","locationId":95,"latitude":47.48134,"longitude":19.06345,"distanceFromStart":null},"type":"PDO","cost":243.06}}
{"time":"2025-11-09 21:19:48","payload":{"id":105,"occurredAt":"2025-06-24T11:51:00+00:00","location":{"locationType":"intersection","locationId":93,"latitude":47.51293,"longitude":19.0635,"distanceFromStart":null},"type":"PDO","cost":356.87}}
{"time":"2025-11-09 21:19:48","payload":{"id":106,"occurredAt":"2025-03-06T16:49:00+00:00","location":{"locationType":"intersection","locationId":41,"latitude":47.48661,"longitude":19.02606,"distanceFromStart":null},"type":"PDO","cost":683.48}}
{"time":"2025-11-09 21:19:48","payload":{"id":107,"occurredAt":"2025-03-20T04:20:00+00:00","location":{"locationType":"intersection","locationId":61,"latitude":47.48662,"longitude":19.03378,"distanceFromStart":null},"type":"PDO","cost":69.51}}
{"time":"2025-11-09 21:19:48","payload":{"id":108,"occurredAt":"2025-05-19T20:37:00+00:00","location":{"locationType":"roadsegment","locationId":30,"latitude":47.51363,"longitude":19.01026,"distanceFromStart":66.2},"type":"PDO","cost":390.77}}
{"time":"2025-11-09 21:19:48","payload":{"id":109,"occurredAt":"2025-07-29T06:36:00+00:00","location":{"locationType":"intersection","locationId":46,"latitude":47.47399,"longitude":19.06887,"distanceFromStart":null},"type":"PDO","cost":96.94}}
{"time":"2025-11-09 21:19:48","payload":{"id":110,"occurredAt":"2025-05-29T08:33:00+00:00","location":{"locationType":"roadsegment","locationId":18,"latitude":47.46899,"longitude":19.06617,"distanceFromStart":22.8},"type":"PDO","cost":383.79}}
{"time":"2025-11-09 21:19:48","payload":{"id":111,"occurredAt":"2025-06-12T15:05:00+00:00","location":{"locationType":"intersection","locationId":16,"latitude":47.48787,"longitude":19.06005,"distanceFromStart":null},"type":"PDO","cost":153.3}}
{"time":"2025-11-09 21:19:48","payload":{"id":112,"occurredAt":"2025-10-03T12:59:00+00:00","location":{"locationType":"intersection","locationId":13,"latitude":47.50017,"longitude":19.03949,"distanceFromStart":null},"type":"PDO","cost":255.69}}
{"time":"2025-11-09 21:19:48","payload":{"id":113,"occurredAt":"2025-10-30T21:17:00+00:00","location":{"locationType":"intersection","locationId":8,"latitude":47.5268,"longitude":19.04109,"distanceFromStart":null},"type":"PDO","cost":650.53}}
{"time":"2025-11-09 21:19:48","payload":{"id":114,"occurredAt":"2025-02-28T17:52:00+00:00","location":{"locationType":"roadsegment","locationId":7,"latitude":47.51895,"longitude":19.0396,"distanceFromStart":8.9},"type":"PDO","cost":506.13}}
{"time":"2025-11-09 21:19:48","payload":{"id":115,"occurredAt":"2025-06-19T00:54:00+00:00","location":{"locationType":"roadsegment","locationId":34,"latitude":47.4566,"longitude":19.0283,"distanceFromStart":74.3},"type":"PDO","cost":718.22}}
{"time":"2025-11-09 21:19:48","payload":{"id":116,"occurredAt":"2025-03-03T00:39:00+00:00","location":{"locationType":"intersection","locationId":16,"latitude":47.48787,"longitude":19.06005,"distanceFromStart":null},"type":"PDO","cost":74.44}}
{"time":"2025-11-09 21:19:48","payload":{"id":117,"occurredAt":"2025-08-28T13:06:00+00:00","location":{"locationType":"roadsegment","locationId":3,"latitude":47.52612,"longitude":19.01538,"distanceFromStart":24.6},"type":"PDO","cost":762.23}}
{"time":"2025-11-09 21:19:48","payload":{"id":118,"occurredAt":"2025-10-06T08:40:00+00:00","location":{"locationType":"intersection","locationId":58,"latitude":47.47602,"longitude":19.06972,"distanceFromStart":null},"type":"PDO","cost":521.99}}
{"time":"2025-11-09 21:19:48","payload":{"id":119,"occurredAt":"2025-02-01T01:08:00+00:00","location":{"locationType":"intersection","locationId":89,"latitude":47.52856,"longitude":19.04225,"distanceFromStart":null},"type":"PDO","cost":684.32}}
{"time":"2025-11-09 21:19:48","payload":{"id":120,"occurredAt":"2025-02-01T18:54:00+00:00","location":{"locationType":"intersection","locationId":36,"latitude":47.48127,"longitude":19.04432,"distanceFromStart":null},"type":"PDO","cost":145.59}}
{"time":"2025-11-09 21:19:48","payload":{"id":121,"occurredAt":"2025-01-20T04:53:00+00:00","location":{"locationType":"intersection","locationId":59,"latitude":47.49521,"longitude":19.07806,"distanceFromStart":null},"type":"PDO","cost":466.23}}
{"time":"2025-11-09 21:19:48","payload":{"id":122,"occurredAt":"2025-03-22T11:03:00+00:00","location":{"locationType":"intersection","locationId":9,"latitude":47.47969,"longitude":19.03048,"distanceFromStart":null},"type":"PDO","cost":728.25}}
{"time":"2025-11-09 21:19:48","payload":{"id":123,"occurredAt":"2025-04-23T14:48:00+00:00","location":{"locationType":"intersection","locationId":16,"latitude":47.48787,"longitude":19.06005,"distanceFromStart":null},"type":"PDO","cost":739.75}}
{"time":"2025-11-09 21:19:48","payload":{"id":124,"occurredAt":"2025-03-02T20:28:00+00:00","location":{"locationType":"intersection","locationId":32,"latitude":47.49427,"longitude":19.06617,"distanceFromStart":null},"type":"PDO","cost":527.33}}
{"time":"2025-11-09 21:19:48","payload":{"id":125,"occurredAt":"2025-10-26T23:48:00+00:00","location":{"locationType":"roadsegment","locationId":44,"latitude":47.4749,"longitude":19.04645,"distanceFromStart":57.1},"type":"PDO","cost":798.96}}
{"time":"2025-11-09 21:19:48","payload":{"id":126,"occurredAt":"2025-06-13T18:53:00+00:00","location":{"locationType":"roadsegment","locationId":42,"latitude":47.45353,"longitude":19.06722,"distanceFromStart":70.7},"type":"PDO","cost":515.83}}
{"time":"2025-11-09 21:19:48","payload":{"id":127,"occurredAt":"2025-02-06T14:41:00+00:00","location":{"locationType":"intersection","locationId":41,"latitude":47.48661,"longitude":19.02606,"distanceFromStart":null},"type":"PDO","cost":321.07}}
{"time":"2025-11-09 21:19:48","payload":{"id":128,"occurredAt":"2024-12-23T20:28:00+00:00","location":{"locationType":"intersection","locationId":96,"latitude":47.48643,"longitude":19.061,"distanceFromStart":null},"type":"PDO","cost":561.97}}
{"time":"2025-11-09 21:19:48","payload":{"id":129,"occurredAt":"2025-10-08T12:52:00+00:00","location":{"locationType":"roadsegment","locationId":9,"latitude":47.45385,"longitude":19.06266,"distanceFromStart":27},"type":"PDO","cost":630.24}}
{"time":"2025-11-09 21:19:48","payload":{"id":130,"occurredAt":"2025-07-19T12:46:00+00:00","location":{"locationType":"roadsegment","locationId":29,"latitude":47.506,"longitude":19.06736,"distanceFromStart":64.3},"type":"PDO","cost":590.66}}
{"time":"2025-11-09 21:19:48","payload":{"id":131,"occurredAt":"2025-06-30T08:59:00+00:00","location":{"locationType":"roadsegment","locationId":41,"latitude":47.52886,"longitude":19.02327,"distanceFromStart":73.7},"type":"PDO","cost":377.76}}
{"time":"2025-11-09 21:19:48","payload":{"id":132,"occurredAt":"2025-03-25T12:07:00+00:00","location":{"locationType":"roadsegment","locationId":44,"latitude":47.4749,"longitude":19.04645,"distanceFromStart":14},"type":"PDO","cost":762.93}}
{"time":"2025-11-09 21:19:48","payload":{"id":133,"occurredAt":"2025-08-09T10:36:00+00:00","location":{"locationType":"intersection","locationId":16,"latitude":47.48787,"longitude":19.06005,"distanceFromStart":null},"type":"PDO","cost":255.78}}
{"time":"2025-11-09 21:19:48","payload":{"id":134,"occurredAt":"2025-09-20T03:19:00+00:00","location":{"locationType":"intersection","locationId":19,"latitude":47.4887,"longitude":19.06485,"distanceFromStart":null},"type":"PDO","cost":709.68}}
{"time":"2025-11-09 21:19:48","payload":{"id":135,"occurredAt":"2025-09-29T14:02:00+00:00","location":{"locationType":"roadsegment","locationId":12,"latitude":47.52265,"longitude":19.06291,"distanceFromStart":17.5},"type":"PDO","cost":501.73}}
{"time":"2025-11-09 21:19:48","payload":{"id":136,"occurredAt":"2025-03-06T05:20:00+00:00","location":{"locationType":"roadsegment","locationId":16,"latitude":47.45822,"longitude":19.06856,"distanceFromStart":5.4},"type":"PDO","cost":182.16}}
{"time":"2025-11-09 21:19:48","payload":{"id":137,"occurredAt":"2025-05-01T23:43:00+00:00","location":{"locationType":"roadsegment","locationId":16,"latitude":47.45822,"longitude":19.06856,"distanceFromStart":30.8},"type":"PDO","cost":723.71}}
{"time":"2025-11-09 21:19:48","payload":{"id":138,"occurredAt":"2025-11-07T16:23:00+00:00","location":{"locationType":"intersection","locationId":76,"latitude":47.5114,"longitude":19.03118,"distanceFromStart":null},"type":"PDO","cost":253.22}}
{"time":"2025-11-09 21:19:48","payload":{"id":139,"occurredAt":"2025-02-12T23:33:00+00:00","location":{"locationType":"intersection","locationId":36,"latitude":47.48127,"longitude":19.04432,"distanceFromStart":null},"type":"PDO","cost":222.24}}
{"time":"2025-11-09 21:19:48","payload":{"id":140,"occurredAt":"2025-08-24T03:59:00+00:00","location":{"locationType":"intersection","locationId":46,"latitude":47.47399,"longitude":19.06887,"distanceFromStart":null},"type":"PDO","cost":266.29}}
{"time":"2025-11-09 21:19:48","payload":{"id":141,"occurredAt":"2025-10-09T01:39:00+00:00","location":{"locationType":"intersection","locationId":19,"latitude":47.4887,"longitude":19.06485,"distanceFromStart":null},"type":"PDO","cost":620.63}}
{"time":"2025-11-09 21:19:48","payload":{"id":142,"occurredAt":"2025-09-29T16:06:00+00:00","location":{"locationType":"roadsegment","locationId":37,"latitude":47.49961,"longitude":19.07216,"distanceFromStart":72},"type":"PDO","cost":390.46}}
{"time":"2025-11-09 21:19:48","payload":{"id":143,"occurredAt":"2025-06-26T21:45:00+00:00","location":{"locationType":"intersection","locationId":53,"latitude":47.47105,"longitude":19.03415,"distanceFromStart":null},"type":"PDO","cost":772.8}}
{"time":"2025-11-09 21:19:48","payload":{"id":144,"occurredAt":"2025-06-10T05:56:00+00:00","location":{"locationType":"intersection","locationId":88,"latitude":47.50689,"longitude":19.05551,"distanceFromStart":null},"type":"PDO","cost":391.62}}
{"time":"2025-11-09 21:19:48","payload":{"id":145,"occurredAt":"2025-02-02T15:02:00+00:00","location":{"locationType":"intersection","locationId":10,"latitude":47.52605,"longitude":19.0632,"distanceFromStart":null},"type":"PDO","cost":90.25}}
{"time":"2025-11-09 21:19:48","payload":{"id":146,"occurredAt":"2025-03-17T14:47:00+00:00","location":{"locationType":"intersection","locationId":51,"latitude":47.49414,"longitude":19.0235,"distanceFromStart":null},"type":"PDO","cost":85.08}}
{"time":"2025-11-09 21:19:48","payload":{"id":147,"occurredAt":"2025-05-31T20:46:00+00:00","location":{"locationType":"roadsegment","locationId":36,"latitude":47.45692,"longitude":19.01341,"distanceFromStart":82.4},"type":"PDO","cost":544.7}}
{"time":"2025-11-09 21:19:48","payload":{"id":148,"occurredAt":"2025-06-09T22:33:00+00:00","location":{"locationType":"roadsegment","locationId":15,"latitude":47.45018,"longitude":19.00714,"distanceFromStart":30.3},"type":"PDO","cost":118.71}}
{"time":"2025-11-09 21:19:48","payload":{"id":149,"occurredAt":"2025-05-03T19:43:00+00:00","location":{"locationType":"roadsegment","locationId":47,"latitude":47.51763,"longitude":19.05335,"distanceFromStart":90.9},"type":"PDO","cost":529.79}}
{"time":"2025-11-09 21:19:48","payload":{"id":150,"occurredAt":"2024-12-28T19:41:00+00:00","location":{"locationType":"intersection","locationId":70,"latitude":47.49589,"longitude":19.03922,"distanceFromStart":null},"type":"PDO","cost":50.99}}
{"time":"2025-11-09 21:19:48","payload":{"id":151,"occurredAt":"2025-03-05T10:08:00+00:00","location":{"locationType":"intersection","locationId":87,"latitude":47.51417,"longitude":19.02259,"distanceFromStart":null},"type":"Injury","cost":8377.8}}
{"time":"2025-11-09 21:19:48","payload":{"id":152,"occurredAt":"2025-07-10T07:24:00+00:00","location":{"locationType":"roadsegment","locationId":6,"latitude":47.45979,"longitude":19.03775,"distanceFromStart":18.2},"type":"Injury","cost":8864.67}}
{"time":"2025-11-09 21:19:48","payload":{"id":153,"occurredAt":"2025-10-30T04:17:00+00:00","location":{"locationType":"intersection","locationId":18,"latitude":47.51423,"longitude":19.06863,"distanceFromStart":null},"type":"Injury","cost":4205.9}}
{"time":"2025-11-09 21:19:48","payload":{"id":154,"occurredAt":"2025-01-13T12:33:00+00:00","location":{"locationType":"intersection","locationId":63,"latitude":47.49179,"longitude":19.03314,"distanceFromStart":null},"type":"Injury","cost":8603.63}}
{"time":"2025-11-09 21:19:48","payload":{"id":155,"occurredAt":"2025-08-15T05:23:00+00:00","location":{"locationType":"roadsegment","locationId":33,"latitude":47.49025,"longitude":19.01119,"distanceFromStart":80.2},"type":"Injury","cost":3363.2}}
{"time":"2025-11-09 21:19:48","payload":{"id":156,"occurredAt":"2025-02-26T00:15:00+00:00","location":{"locationType":"roadsegment","locationId":27,"latitude":47.51467,"longitude":19.01235,"distanceFromStart":93.5},"type":"Injury","cost":4381.93}}
{"time":"2025-11-09 21:19:48","payload":{"id":157,"occurredAt":"2025-01-22T04:58:00+00:00","location":{"locationType":"intersection","locationId":45,"latitude":47.48995,"longitude":19.07423,"distanceFromStart":null},"type":"Injury","cost":1393.93}}
{"time":"2025-11-09 21:19:48","payload":{"id":158,"occurredAt":"2025-10-01T16:05:00+00:00","location":{"locationType":"intersection","locationId":50,"latitude":47.47311,"longitude":19.06202,"distanceFromStart":null},"type":"Injury","cost":4739.78}}
{"time":"2025-11-09 21:19:48","payload":{"id":159,"occurredAt":"2025-05-31T20:39:00+00:00","location":{"locationType":"roadsegment","locationId":35,"latitude":47.46167,"longitude":19.05118,"distanceFromStart":10.9},"type":"Injury","cost":8404.81}}
{"time":"2025-11-09 21:19:48","payload":{"id":160,"occurredAt":"2025-08-14T00:01:00+00:00","location":{"locationType":"intersection","locationId":48,"latitude":47.5115,"longitude":19.02479,"distanceFromStart":null},"type":"Injury","cost":3497.33}}
{"time":"2025-11-09 21:19:48","payload":{"id":161,"occurredAt":"2024-11-25T11:55:00+00:00","location":{"locationType":"roadsegment","locationId":5,"latitude":47.49233,"longitude":19.03311,"distanceFromStart":97.7},"type":"Injury","cost":6507.07}}
{"time":"2025-11-09 21:19:48","payload":{"id":162,"occurredAt":"2024-12-22T19:58:00+00:00","location":{"locationType":"intersection","locationId":92,"latitude":47.52037,"longitude":19.05651,"distanceFromStart":null},"type":"Injury","cost":4977.63}}
{"time":"2025-11-09 21:19:48","payload":{"id":163,"occurredAt":"2025-07-02T15:06:00+00:00","location":{"locationType":"intersection","locationId":4,"latitude":47.50136,"longitude":19.07075,"distanceFromStart":null},"type":"Injury","cost":6134.51}}
{"time":"2025-11-09 21:19:48","payload":{"id":164,"occurredAt":"2025-07-23T01:16:00+00:00","location":{"locationType":"intersection","locationId":60,"latitude":47.48135,"longitude":19.0528,"distanceFromStart":null},"type":"Injury","cost":7899.59}}
{"time":"2025-11-09 21:19:48","payload":{"id":165,"occurredAt":"2025-03-18T16:52:00+00:00","location":{"locationType":"intersection","locationId":20,"latitude":47.47147,"longitude":19.02359,"distanceFromStart":null},"type":"Injury","cost":6766.99}}
{"time":"2025-11-09 21:19:48","payload":{"id":166,"occurredAt":"2025-09-21T23:21:00+00:00","location":{"locationType":"intersection","locationId":72,"latitude":47.52137,"longitude":19.045,"distanceFromStart":null},"type":"Injury","cost":3786.3}}
{"time":"2025-11-09 21:19:48","payload":{"id":167,"occurredAt":"2025-08-11T20:12:00+00:00","location":{"locationType":"intersection","locationId":42,"latitude":47.48324,"longitude":19.0249,"distanceFromStart":null},"type":"Injury","cost":3890.28}}
{"time":"2025-11-09 21:19:49","payload":{"id":168,"occurredAt":"2025-08-10T09:22:00+00:00","location":{"locationType":"intersection","locationId":20,"latitude":47.47147,"longitude":19.02359,"distanceFromStart":null},"type":"Injury","cost":2367.7}}
{"time":"2025-11-09 21:19:49","payload":{"id":169,"occurredAt":"2025-10-01T13:24:00+00:00","location":{"locationType":"roadsegment","locationId":3,"latitude":47.52612,"longitude":19.01538,"distanceFromStart":9.8},"type":"Injury","cost":5164.13}}
{"time":"2025-11-09 21:19:49","payload":{"id":170,"occurredAt":"2025-06-10T00:36:00+00:00","location":{"locationType":"roadsegment","locationId":28,"latitude":47.46251,"longitude":19.02294,"distanceFromStart":71.1},"type":"Injury","cost":1410.6}}
{"time":"2025-11-09 21:19:49","payload":{"id":171,"occurredAt":"2025-05-19T10:56:00+00:00","location":{"locationType":"roadsegment","locationId":17,"latitude":47.52024,"longitude":19.01204,"distanceFromStart":47},"type":"Injury","cost":3173.26}}
{"time":"2025-11-09 21:19:49","payload":{"id":172,"occurredAt":"2025-01-25T03:14:00+00:00","location":{"locationType":"roadsegment","locationId":21,"latitude":47.49602,"longitude":19.01333,"distanceFromStart":80.6},"type":"Injury","cost":3157.3}}
{"time":"2025-11-09 21:19:49","payload":{"id":173,"occurredAt":"2025-07-19T20:01:00+00:00","location":{"locationType":"roadsegment","locationId":17,"latitude":47.52024,"longitude":19.01204,"distanceFromStart":6.1},"type":"Injury","cost":3999.67}}
{"time":"2025-11-09 21:19:49","payload":{"id":174,"occurredAt":"2025-09-03T15:04:00+00:00","location":{"locationType":"intersection","locationId":8,"latitude":47.5268,"longitude":19.04109,"distanceFromStart":null},"type":"Injury","cost":6475.63}}
{"time":"2025-11-09 21:19:49","payload":{"id":175,"occurredAt":"2024-12-31T16:35:00+00:00","location":{"locationType":"intersection","locationId":98,"latitude":47.52811,"longitude":19.05917,"distanceFromStart":null},"type":"Injury","cost":4829.6}}
{"time":"2025-11-09 21:19:49","payload":{"id":176,"occurredAt":"2025-06-11T01:07:00+00:00","location":{"locationType":"roadsegment","locationId":31,"latitude":47.51313,"longitude":19.00967,"distanceFromStart":90.5},"type":"Injury","cost":1381.03}}
{"time":"2025-11-09 21:19:49","payload":{"id":177,"occurredAt":"2024-12-09T21:52:00+00:00","location":{"locationType":"intersection","locationId":75,"latitude":47.5153,"longitude":19.02734,"distanceFromStart":null},"type":"Injury","cost":1946.07}}
{"time":"2025-11-09 21:19:49","payload":{"id":178,"occurredAt":"2025-04-30T11:35:00+00:00","location":{"locationType":"roadsegment","locationId":23,"latitude":47.50735,"longitude":19.0176,"distanceFromStart":36},"type":"Injury","cost":9791.2}}
{"time":"2025-11-09 21:19:49","payload":{"id":179,"occurredAt":"2025-02-24T12:13:00+00:00","location":{"locationType":"intersection","locationId":63,"latitude":47.49179,"longitude":19.03314,"distanceFromStart":null},"type":"Injury","cost":4698.04}}
{"time":"2025-11-09 21:19:49","payload":{"id":180,"occurredAt":"2025-04-23T09:04:00+00:00","location":{"locationType":"roadsegment","locationId":21,"latitude":47.49602,"longitude":19.01333,"distanceFromStart":41.5},"type":"Injury","cost":6224.11}}
{"time":"2025-11-09 21:19:49","payload":{"id":181,"occurredAt":"2025-02-10T05:48:00+00:00","location":{"locationType":"roadsegment","locationId":6,"latitude":47.45979,"longitude":19.03775,"distanceFromStart":54.9},"type":"Injury","cost":2728.14}}
{"time":"2025-11-09 21:19:49","payload":{"id":182,"occurredAt":"2025-08-28T03:17:00+00:00","location":{"locationType":"roadsegment","locationId":40,"latitude":47.51261,"longitude":19.04252,"distanceFromStart":11.6},"type":"Injury","cost":1814.79}}
{"time":"2025-11-09 21:19:49","payload":{"id":183,"occurredAt":"2025-05-10T05:33:00+00:00","location":{"locationType":"roadsegment","locationId":35,"latitude":47.46167,"longitude":19.05118,"distanceFromStart":79.6},"type":"Injury","cost":3690.66}}
{"time":"2025-11-09 21:19:49","payload":{"id":184,"occurredAt":"2025-07-03T05:44:00+00:00","location":{"locationType":"roadsegment","locationId":16,"latitude":47.45822,"longitude":19.06856,"distanceFromStart":94.7},"type":"Injury","cost":3963.54}}
{"time":"2025-11-09 21:19:49","payload":{"id":185,"occurredAt":"2024-12-06T05:09:00+00:00","location":{"locationType":"intersection","locationId":17,"latitude":47.47335,"longitude":19.02116,"distanceFromStart":null},"type":"Injury","cost":5397.72}}
{"time":"2025-11-09 21:19:49","payload":{"id":186,"occurredAt":"2025-08-19T11:56:00+00:00","location":{"locationType":"roadsegment","locationId":17,"latitude":47.52024,"longitude":19.01204,"distanceFromStart":29.4},"type":"Injury","cost":6806.04}}
{"time":"2025-11-09 21:19:49","payload":{"id":187,"occurredAt":"2025-04-16T17:04:00+00:00","location":{"locationType":"roadsegment","locationId":30,"latitude":47.51363,"longitude":19.01026,"distanceFromStart":88.5},"type":"Injury","cost":5374.5}}
{"time":"2025-11-09 21:19:49","payload":{"id":188,"occurredAt":"2025-05-04T06:11:00+00:00","location":{"locationType":"intersection","locationId":38,"latitude":47.50986,"longitude":19.02035,"distanceFromStart":null},"type":"Injury","cost":9522.65}}
{"time":"2025-11-09 21:19:49","payload":{"id":189,"occurredAt":"2025-02-18T01:19:00+00:00","location":{"locationType":"intersection","locationId":45,"latitude":47.48995,"longitude":19.07423,"distanceFromStart":null},"type":"Injury","cost":2630.9}}
{"time":"2025-11-09 21:19:49","payload":{"id":190,"occurredAt":"2025-04-02T13:04:00+00:00","location":{"locationType":"intersection","locationId":25,"latitude":47.48914,"longitude":19.03849,"distanceFromStart":null},"type":"Injury","cost":9591.57}}
{"time":"2025-11-09 21:19:49","payload":{"id":191,"occurredAt":"2025-01-16T11:33:00+00:00","location":{"locationType":"roadsegment","locationId":39,"latitude":47.46195,"longitude":19.07747,"distanceFromStart":16.5},"type":"Injury","cost":2053.51}}
{"time":"2025-11-09 21:19:49","payload":{"id":192,"occurredAt":"2025-09-26T08:34:00+00:00","location":{"locationType":"intersection","locationId":30,"latitude":47.48643,"longitude":19.05138,"distanceFromStart":null},"type":"Injury","cost":1558.49}}
{"time":"2025-11-09 21:19:49","payload":{"id":193,"occurredAt":"2025-02-04T00:56:00+00:00","location":{"locationType":"roadsegment","locationId":23,"latitude":47.50735,"longitude":19.0176,"distanceFromStart":22.5},"type":"Injury","cost":2353.9}}
{"time":"2025-11-09 21:19:49","payload":{"id":194,"occurredAt":"2025-03-11T18:30:00+00:00","location":{"locationType":"roadsegment","locationId":44,"latitude":47.4749,"longitude":19.04645,"distanceFromStart":30},"type":"Injury","cost":5491.37}}
{"time":"2025-11-09 21:19:49","payload":{"id":195,"occurredAt":"2025-06-24T13:25:00+00:00","location":{"locationType":"roadsegment","locationId":36,"latitude":47.45692,"longitude":19.01341,"distanceFromStart":11.8},"type":"Injury","cost":9536.24}}
{"time":"2025-11-09 21:19:49","payload":{"id":196,"occurredAt":"2025-03-13T20:09:00+00:00","location":{"locationType":"roadsegment","locationId":50,"latitude":47.46203,"longitude":19.07472,"distanceFromStart":76.1},"type":"Injury","cost":5546.08}}
{"time":"2025-11-09 21:19:49","payload":{"id":197,"occurredAt":"2025-04-21T06:41:00+00:00","location":{"locationType":"intersection","locationId":45,"latitude":47.48995,"longitude":19.07423,"distanceFromStart":null},"type":"Injury","cost":4388.41}}
{"time":"2025-11-09 21:19:49","payload":{"id":198,"occurredAt":"2025-04-16T12:50:00+00:00","location":{"locationType":"intersection","locationId":68,"latitude":47.52787,"longitude":19.03094,"distanceFromStart":null},"type":"Injury","cost":5171.8}}
{"time":"2025-11-09 21:19:49","payload":{"id":199,"occurredAt":"2025-10-05T15:03:00+00:00","location":{"locationType":"roadsegment","locationId":4,"latitude":47.4619,"longitude":19.04793,"distanceFromStart":59.3},"type":"Injury","cost":2921.89}}
{"time":"2025-11-09 21:19:49","payload":{"id":200,"occurredAt":"2025-11-03T18:40:00+00:00","location":{"locationType":"intersection","locationId":66,"latitude":47.48196,"longitude":19.07923,"distanceFromStart":null},"type":"Injury","cost":5911.97}}
{"time":"2025-11-09 21:19:49","payload":{"id":201,"occurredAt":"2025-05-09T09:46:00+00:00","location":{"locationType":"intersection","locationId":46,"latitude":47.47399,"longitude":19.06887,"distanceFromStart":null},"type":"Injury","cost":8015.83}}
{"time":"2025-11-09 21:19:49","payload":{"id":202,"occurredAt":"2025-10-09T16:24:00+00:00","location":{"locationType":"intersection","locationId":61,"latitude":47.48662,"longitude":19.03378,"distanceFromStart":null},"type":"Injury","cost":6875.19}}
{"time":"2025-11-09 21:19:49","payload":{"id":203,"occurredAt":"2024-12-14T15:51:00+00:00","location":{"locationType":"roadsegment","locationId":38,"latitude":47.46968,"longitude":19.04596,"distanceFromStart":17.4},"type":"Injury","cost":1278.52}}
{"time":"2025-11-09 21:19:49","payload":{"id":204,"occurredAt":"2024-12-07T11:47:00+00:00","location":{"locationType":"roadsegment","locationId":20,"latitude":47.46256,"longitude":19.06772,"distanceFromStart":98.7},"type":"Injury","cost":9542.76}}
{"time":"2025-11-09 21:19:49","payload":{"id":205,"occurredAt":"2025-10-08T09:00:00+00:00","location":{"locationType":"roadsegment","locationId":4,"latitude":47.4619,"longitude":19.04793,"distanceFromStart":23.2},"type":"Injury","cost":3410.54}}
{"time":"2025-11-09 21:19:49","payload":{"id":206,"occurredAt":"2025-01-14T17:16:00+00:00","location":{"locationType":"intersection","locationId":32,"latitude":47.49427,"longitude":19.06617,"distanceFromStart":null},"type":"Injury","cost":2777.04}}
{"time":"2025-11-09 21:19:49","payload":{"id":207,"occurredAt":"2025-04-12T02:56:00+00:00","location":{"locationType":"intersection","locationId":32,"latitude":47.49427,"longitude":19.06617,"distanceFromStart":null},"type":"Injury","cost":2542.14}}
{"time":"2025-11-09 21:19:49","payload":{"id":208,"occurredAt":"2025-08-30T09:55:00+00:00","location":{"locationType":"intersection","locationId":68,"latitude":47.52787,"longitude":19.03094,"distanceFromStart":null},"type":"Injury","cost":6679.04}}
{"time":"2025-11-09 21:19:49","payload":{"id":209,"occurredAt":"2025-08-29T13:04:00+00:00","location":{"locationType":"intersection","locationId":4,"latitude":47.50136,"longitude":19.07075,"distanceFromStart":null},"type":"Injury","cost":9093.82}}
{"time":"2025-11-09 21:19:49","payload":{"id":210,"occurredAt":"2024-12-02T05:18:00+00:00","location":{"locationType":"intersection","locationId":81,"latitude":47.51404,"longitude":19.03373,"distanceFromStart":null},"type":"Injury","cost":6465.85}}
{"time":"2025-11-09 21:19:49","payload":{"id":211,"occurredAt":"2025-10-26T04:18:00+00:00","location":{"locationType":"roadsegment","locationId":25,"latitude":47.47749,"longitude":19.01123,"distanceFromStart":74},"type":"Injury","cost":4238.27}}
{"time":"2025-11-09 21:19:49","payload":{"id":212,"occurredAt":"2025-06-22T09:44:00+00:00","location":{"locationType":"intersection","locationId":81,"latitude":47.51404,"longitude":19.03373,"distanceFromStart":null},"type":"Injury","cost":5179.67}}
{"time":"2025-11-09 21:19:49","payload":{"id":213,"occurredAt":"2025-07-26T01:24:00+00:00","location":{"locationType":"intersection","locationId":35,"latitude":47.52993,"longitude":19.03836,"distanceFromStart":null},"type":"Injury","cost":8223.03}}
{"time":"2025-11-09 21:19:49","payload":{"id":214,"occurredAt":"2024-12-03T05:07:00+00:00","location":{"locationType":"roadsegment","locationId":1,"latitude":47.45705,"longitude":19.05937,"distanceFromStart":77.5},"type":"Injury","cost":1153.46}}
{"time":"2025-11-09 21:19:49","payload":{"id":215,"occurredAt":"2024-12-31T05:32:00+00:00","location":{"locationType":"intersection","locationId":15,"latitude":47.47706,"longitude":19.03227,"distanceFromStart":null},"type":"Injury","cost":5454.6}}
{"time":"2025-11-09 21:19:49","payload":{"id":216,"occurredAt":"2025-05-10T11:14:00+00:00","location":{"locationType":"roadsegment","locationId":17,"latitude":47.52024,"longitude":19.01204,"distanceFromStart":21.8},"type":"Injury","cost":9957.32}}
{"time":"2025-11-09 21:19:49","payload":{"id":217,"occurredAt":"2025-04-11T06:24:00+00:00","location":{"locationType":"roadsegment","locationId":10,"latitude":47.49897,"longitude":19.07898,"distanceFromStart":16.5},"type":"Injury","cost":3866.31}}
{"time":"2025-11-09 21:19:49","payload":{"id":218,"occurredAt":"2024-12-31T12:51:00+00:00","location":{"locationType":"roadsegment","locationId":35,"latitude":47.46167,"longitude":19.05118,"distanceFromStart":28.8},"type":"Injury","cost":2617}}
{"time":"2025-11-09 21:19:49","payload":{"id":219,"occurredAt":"2025-09-08T03:33:00+00:00","location":{"locationType":"intersection","locationId":10,"latitude":47.52605,"longitude":19.0632,"distanceFromStart":null},"type":"Injury","cost":7351.94}}
{"time":"2025-11-09 21:19:49","payload":{"id":220,"occurredAt":"2025-02-19T05:26:00+00:00","location":{"locationType":"roadsegment","locationId":38,"latitude":47.46968,"longitude":19.04596,"distanceFromStart":71.6},"type":"Injury","cost":2902.84}}
{"time":"2025-11-09 21:19:49","payload":{"id":221,"occurredAt":"2025-10-18T19:44:00+00:00","location":{"locationType":"intersection","locationId":98,"latitude":47.52811,"longitude":19.05917,"distanceFromStart":null},"type":"Injury","cost":8268.46}}
{"time":"2025-11-09 21:19:49","payload":{"id":222,"occurredAt":"2025-01-11T06:03:00+00:00","location":{"locationType":"roadsegment","locationId":7,"latitude":47.51895,"longitude":19.0396,"distanceFromStart":62},"type":"Injury","cost":9415.27}}
{"time":"2025-11-09 21:19:49","payload":{"id":223,"occurredAt":"2024-12-30T07:20:00+00:00","location":{"locationType":"intersection","locationId":73,"latitude":47.48312,"longitude":19.05865,"distanceFromStart":null},"type":"Injury","cost":7220.27}}
{"time":"2025-11-09 21:19:49","payload":{"id":224,"occurredAt":"2025-10-04T02:14:00+00:00","location":{"locationType":"intersection","locationId":84,"latitude":47.51342,"longitude":19.05583,"distanceFromStart":null},"type":"Injury","cost":6399.91}}
{"time":"2025-11-09 21:19:49","payload":{"id":225,"occurredAt":"2025-09-15T11:12:00+00:00","location":{"locationType":"roadsegment","locationId":49,"latitude":47.45857,"longitude":19.06161,"distanceFromStart":38.8},"type":"Injury","cost":5234.85}}
{"time":"2025-11-09 21:19:49","payload":{"id":226,"occurredAt":"2025-11-01T11:33:00+00:00","location":{"locationType":"roadsegment","locationId":24,"latitude":47.49213,"longitude":19.06625,"distanceFromStart":12.2},"type":"Injury","cost":9913.32}}
{"time":"2025-11-09 21:19:49","payload":{"id":227,"occurredAt":"2025-10-02T19:21:00+00:00","location":{"locationType":"intersection","locationId":44,"latitude":47.5129,"longitude":19.04324,"distanceFromStart":null},"type":"Injury","cost":8375.19}}
{"time":"2025-11-09 21:19:49","payload":{"id":228,"occurredAt":"2025-06-19T14:01:00+00:00","location":{"locationType":"intersection","locationId":11,"latitude":47.47544,"longitude":19.02672,"distanceFromStart":null},"type":"Injury","cost":9377.72}}
{"time":"2025-11-09 21:19:49","payload":{"id":229,"occurredAt":"2024-12-22T03:55:00+00:00","location":{"locationType":"roadsegment","locationId":34,"latitude":47.4566,"longitude":19.0283,"distanceFromStart":80.7},"type":"Injury","cost":9010.58}}
{"time":"2025-11-09 21:19:49","payload":{"id":230,"occurredAt":"2024-12-02T08:55:00+00:00","location":{"locationType":"roadsegment","locationId":14,"latitude":47.46047,"longitude":19.07526,"distanceFromStart":50.4},"type":"Injury","cost":9455.34}}
{"time":"2025-11-09 21:19:49","payload":{"id":231,"occurredAt":"2025-05-08T06:20:00+00:00","location":{"locationType":"intersection","locationId":36,"latitude":47.48127,"longitude":19.04432,"distanceFromStart":null},"type":"Injury","cost":1805.74}}
{"time":"2025-11-09 21:19:49","payload":{"id":232,"occurredAt":"2024-12-26T04:23:00+00:00","location":{"locationType":"intersection","locationId":28,"latitude":47.4999,"longitude":19.05835,"distanceFromStart":null},"type":"Injury","cost":6354.42}}
{"time":"2025-11-09 21:19:49","payload":{"id":233,"occurredAt":"2025-01-03T17:48:00+00:00","location":{"locationType":"roadsegment","locationId":38,"latitude":47.46968,"longitude":19.04596,"distanceFromStart":51.9},"type":"Injury","cost":3763.57}}
{"time":"2025-11-09 21:19:49","payload":{"id":234,"occurredAt":"2025-03-10T09:15:00+00:00","location":{"locationType":"roadsegment","locationId":46,"latitude":47.45367,"longitude":19.04712,"distanceFromStart":92.9},"type":"Injury","cost":7355.67}}
{"time":"2025-11-09 21:19:49","payload":{"id":235,"occurredAt":"2024-12-15T06:49:00+00:00","location":{"locationType":"intersection","locationId":22,"latitude":47.48348,"longitude":19.06517,"distanceFromStart":null},"type":"Injury","cost":7837.06}}
{"time":"2025-11-09 21:19:49","payload":{"id":236,"occurredAt":"2025-04-29T21:02:00+00:00","location":{"locationType":"intersection","locationId":47,"latitude":47.4869,"longitude":19.06029,"distanceFromStart":null},"type":"Injury","cost":9304.5}}
{"time":"2025-11-09 21:19:49","payload":{"id":237,"occurredAt":"2025-05-29T13:26:00+00:00","location":{"locationType":"intersection","locationId":2,"latitude":47.48283,"longitude":19.04332,"distanceFromStart":null},"type":"Injury","cost":1765.85}}
{"time":"2025-11-09 21:19:49","payload":{"id":238,"occurredAt":"2025-09-06T00:40:00+00:00","location":{"locationType":"roadsegment","locationId":35,"latitude":47.46167,"longitude":19.05118,"distanceFromStart":98.8},"type":"Injury","cost":3417.55}}
{"time":"2025-11-09 21:19:49","payload":{"id":239,"occurredAt":"2025-04-19T19:30:00+00:00","location":{"locationType":"intersection","locationId":47,"latitude":47.4869,"longitude":19.06029,"distanceFromStart":null},"type":"Injury","cost":9770.79}}
{"time":"2025-11-09 21:19:49","payload":{"id":240,"occurredAt":"2025-01-24T16:15:00+00:00","location":{"locationType":"intersection","locationId":61,"latitude":47.48662,"longitude":19.03378,"distanceFromStart":null},"type":"Injury","cost":7120.35}}
{"time":"2025-11-09 21:19:49","payload":{"id":241,"occurredAt":"2024-11-29T19:30:00+00:00","location":{"locationType":"intersection","locationId":41,"latitude":47.48661,"longitude":19.02606,"distanceFromStart":null},"type":"Injury","cost":7260.29}}
{"time":"2025-11-09 21:19:49","payload":{"id":242,"occurredAt":"2024-11-17T19:58:00+00:00","location":{"locationType":"roadsegment","locationId":18,"latitude":47.46899,"longitude":19.06617,"distanceFromStart":80.1},"type":"Injury","cost":6035}}
{"time":"2025-11-09 21:19:49","payload":{"id":243,"occurredAt":"2025-08-26T02:16:00+00:00","location":{"locationType":"intersection","locationId":52,"latitude":47.51582,"longitude":19.07303,"distanceFromStart":null},"type":"Injury","cost":2207.02}}
{"time":"2025-11-09 21:19:49","payload":{"id":244,"occurredAt":"2025-04-02T19:30:00+00:00","location":{"locationType":"roadsegment","locationId":9,"latitude":47.45385,"longitude":19.06266,"distanceFromStart":91.3},"type":"Injury","cost":4851.65}}
{"time":"2025-11-09 21:19:49","payload":{"id":245,"occurredAt":"2025-04-18T07:07:00+00:00","location":{"locationType":"roadsegment","locationId":1,"latitude":47.45705,"longitude":19.05937,"distanceFromStart":96},"type":"Injury","cost":1182.14}}
{"time":"2025-11-09 21:19:49","payload":{"id":246,"occurredAt":"2025-06-04T04:30:00+00:00","location":{"locationType":"roadsegment","locationId":13,"latitude":47.4783,"longitude":19.03681,"distanceFromStart":75.9},"type":"Injury","cost":2331.82}}
{"time":"2025-11-09 21:19:49","payload":{"id":247,"occurredAt":"2025-08-16T07:34:00+00:00","location":{"locationType":"intersection","locationId":33,"latitude":47.49522,"longitude":19.07342,"distanceFromStart":null},"type":"Injury","cost":9305.98}}
{"time":"2025-11-09 21:19:49","payload":{"id":248,"occurredAt":"2025-08-01T19:20:00+00:00","location":{"locationType":"intersection","locationId":100,"latitude":47.48452,"longitude":19.05412,"distanceFromStart":null},"type":"Injury","cost":3910.41}}
{"time":"2025-11-09 21:19:49","payload":{"id":249,"occurredAt":"2025-09-11T18:51:00+00:00","location":{"locationType":"roadsegment","locationId":32,"latitude":47.47843,"longitude":19.03723,"distanceFromStart":73.4},"type":"Injury","cost":2827.47}}
{"time":"2025-11-09 21:19:49","payload":{"id":250,"occurredAt":"2025-09-22T06:09:00+00:00","location":{"locationType":"intersection","locationId":60,"latitude":47.48135,"longitude":19.0528,"distanceFromStart":null},"type":"Injury","cost":3803.3}}
{"time":"2025-11-09 21:19:49","payload":{"id":251,"occurredAt":"2025-01-22T04:59:00+00:00","location":{"locationType":"roadsegment","locationId":47,"latitude":47.51763,"longitude":19.05335,"distanceFromStart":76.2},"type":"Injury","cost":5790.13}}
{"time":"2025-11-09 21:19:49","payload":{"id":252,"occurredAt":"2025-01-16T03:44:00+00:00","location":{"locationType":"roadsegment","locationId":11,"latitude":47.46784,"longitude":19.07747,"distanceFromStart":85},"type":"Injury","cost":5512.56}}
{"time":"2025-11-09 21:19:49","payload":{"id":253,"occurredAt":"2025-08-31T18:05:00+00:00","location":{"locationType":"roadsegment","locationId":18,"latitude":47.46899,"longitude":19.06617,"distanceFromStart":95.6},"type":"Injury","cost":5038.11}}
{"time":"2025-11-09 21:19:49","payload":{"id":254,"occurredAt":"2024-11-18T19:15:00+00:00","location":{"locationType":"roadsegment","locationId":11,"latitude":47.46784,"longitude":19.07747,"distanceFromStart":62.6},"type":"Injury","cost":6908.63}}
{"time":"2025-11-09 21:19:49","payload":{"id":255,"occurredAt":"2025-10-19T08:36:00+00:00","location":{"locationType":"intersection","locationId":49,"latitude":47.51928,"longitude":19.0767,"distanceFromStart":null},"type":"Injury","cost":2471.3}}
{"time":"2025-11-09 21:19:49","payload":{"id":256,"occurredAt":"2025-07-09T19:08:00+00:00","location":{"locationType":"intersection","locationId":51,"latitude":47.49414,"longitude":19.0235,"distanceFromStart":null},"type":"Injury","cost":7752.05}}
{"time":"2025-11-09 21:19:49","payload":{"id":257,"occurredAt":"2025-02-13T16:46:00+00:00","location":{"locationType":"intersection","locationId":91,"latitude":47.48972,"longitude":19.05471,"distanceFromStart":null},"type":"Injury","cost":6416.42}}
{"time":"2025-11-09 21:19:49","payload":{"id":258,"occurredAt":"2025-09-02T18:23:00+00:00","location":{"locationType":"roadsegment","locationId":11,"latitude":47.46784,"longitude":19.07747,"distanceFromStart":1.8},"type":"Injury","cost":7870.16}}
{"time":"2025-11-09 21:19:49","payload":{"id":259,"occurredAt":"2024-12-13T12:06:00+00:00","location":{"locationType":"intersection","locationId":30,"latitude":47.48643,"longitude":19.05138,"distanceFromStart":null},"type":"Injury","cost":3444.79}}
{"time":"2025-11-09 21:19:49","payload":{"id":260,"occurredAt":"2025-01-29T11:39:00+00:00","location":{"locationType":"intersection","locationId":31,"latitude":47.50498,"longitude":19.04347,"distanceFromStart":null},"type":"Injury","cost":6757.44}}
{"time":"2025-11-09 21:19:49","payload":{"id":261,"occurredAt":"2025-02-22T01:10:00+00:00","location":{"locationType":"roadsegment","locationId":44,"latitude":47.4749,"longitude":19.04645,"distanceFromStart":31.7},"type":"Injury","cost":5232.86}}
{"time":"2025-11-09 21:19:49","payload":{"id":262,"occurredAt":"2025-05-22T06:35:00+00:00","location":{"locationType":"roadsegment","locationId":43,"latitude":47.52274,"longitude":19.03046,"distanceFromStart":35.6},"type":"Injury","cost":2375.07}}
{"time":"2025-11-09 21:19:49","payload":{"id":263,"occurredAt":"2025-08-06T10:51:00+00:00","location":{"locationType":"intersection","locationId":97,"latitude":47.51154,"longitude":19.05143,"distanceFromStart":null},"type":"Injury","cost":4682.84}}
{"time":"2025-11-09 21:19:49","payload":{"id":264,"occurredAt":"2025-04-15T04:16:00+00:00","location":{"locationType":"roadsegment","locationId":6,"latitude":47.45979,"longitude":19.03775,"distanceFromStart":44.4},"type":"Injury","cost":1589.14}}
{"time":"2025-11-09 21:19:49","payload":{"id":265,"occurredAt":"2025-04-01T19:25:00+00:00","location":{"locationType":"intersection","locationId":60,"latitude":47.48135,"longitude":19.0528,"distanceFromStart":null},"type":"Injury","cost":3348.97}}
{"time":"2025-11-09 21:19:49","payload":{"id":266,"occurredAt":"2025-07-28T07:23:00+00:00","location":{"locationType":"intersection","locationId":54,"latitude":47.50178,"longitude":19.05097,"distanceFromStart":null},"type":"Injury","cost":5981.71}}
{"time":"2025-11-09 21:19:49","payload":{"id":267,"occurredAt":"2025-11-06T10:32:00+00:00","location":{"locationType":"roadsegment","locationId":44,"latitude":47.4749,"longitude":19.04645,"distanceFromStart":31.8},"type":"Injury","cost":6491.9}}
{"time":"2025-11-09 21:19:49","payload":{"id":268,"occurredAt":"2025-10-09T14:29:00+00:00","location":{"locationType":"intersection","locationId":47,"latitude":47.4869,"longitude":19.06029,"distanceFromStart":null},"type":"Injury","cost":7356.71}}
{"time":"2025-11-09 21:19:49","payload":{"id":269,"occurredAt":"2025-10-19T03:18:00+00:00","location":{"locationType":"intersection","locationId":45,"latitude":47.48995,"longitude":19.07423,"distanceFromStart":null},"type":"Injury","cost":2694.56}}
{"time":"2025-11-09 21:19:49","payload":{"id":270,"occurredAt":"2024-12-08T17:30:00+00:00","location":{"locationType":"intersection","locationId":100,"latitude":47.48452,"longitude":19.05412,"distanceFromStart":null},"type":"Injury","cost":3033.1}}
{"time":"2025-11-09 21:19:49","payload":{"id":271,"occurredAt":"2025-09-16T10:57:00+00:00","location":{"locationType":"intersection","locationId":81,"latitude":47.51404,"longitude":19.03373,"distanceFromStart":null},"type":"Injury","cost":4922.16}}
{"time":"2025-11-09 21:19:49","payload":{"id":272,"occurredAt":"2025-07-28T07:03:00+00:00","location":{"locationType":"roadsegment","locationId":12,"latitude":47.52265,"longitude":19.06291,"distanceFromStart":67.8},"type":"Injury","cost":4299.33}}
{"time":"2025-11-09 21:19:49","payload":{"id":273,"occurredAt":"2025-09-08T07:54:00+00:00","location":{"locationType":"intersection","locationId":91,"latitude":47.48972,"longitude":19.05471,"distanceFromStart":null},"type":"Injury","cost":5050.84}}
{"time":"2025-11-09 21:19:49","payload":{"id":274,"occurredAt":"2025-03-30T10:09:00+00:00","location":{"locationType":"intersection","locationId":3,"latitude":47.48934,"longitude":19.04345,"distanceFromStart":null},"type":"Injury","cost":4531.43}}
{"time":"2025-11-09 21:19:49","payload":{"id":275,"occurredAt":"2025-01-15T04:24:00+00:00","location":{"locationType":"roadsegment","locationId":33,"latitude":47.49025,"longitude":19.01119,"distanceFromStart":83},"type":"Injury","cost":1118.19}}
{"time":"2025-11-09 21:19:49","payload":{"id":276,"occurredAt":"2025-07-10T09:38:00+00:00","location":{"locationType":"intersection","locationId":45,"latitude":47.48995,"longitude":19.07423,"distanceFromStart":null},"type":"Injury","cost":8094.44}}
{"time":"2025-11-09 21:19:49","payload":{"id":277,"occurredAt":"2025-01-24T21:09:00+00:00","location":{"locationType":"intersection","locationId":85,"latitude":47.51941,"longitude":19.04163,"distanceFromStart":null},"type":"Injury","cost":5193.81}}
{"time":"2025-11-09 21:19:49","payload":{"id":278,"occurredAt":"2025-11-01T23:57:00+00:00","location":{"locationType":"roadsegment","locationId":19,"latitude":47.47944,"longitude":19.05558,"distanceFromStart":2.9},"type":"Injury","cost":5784.47}}
{"time":"2025-11-09 21:19:49","payload":{"id":279,"occurredAt":"2025-11-04T19:00:00+00:00","location":{"locationType":"roadsegment","locationId":1,"latitude":47.45705,"longitude":19.05937,"distanceFromStart":24.1},"type":"Injury","cost":3691.46}}
{"time":"2025-11-09 21:19:49","payload":{"id":280,"occurredAt":"2025-04-21T22:36:00+00:00","location":{"locationType":"intersection","locationId":74,"latitude":47.49373,"longitude":19.0346,"distanceFromStart":null},"type":"Injury","cost":7370.19}}
{"time":"2025-11-09 21:19:49","payload":{"id":281,"occurredAt":"2025-09-20T19:11:00+00:00","location":{"locationType":"intersection","locationId":54,"latitude":47.50178,"longitude":19.05097,"distanceFromStart":null},"type":"Injury","cost":6343.42}}
{"time":"2025-11-09 21:19:49","payload":{"id":282,"occurredAt":"2025-05-20T14:50:00+00:00","location":{"locationType":"roadsegment","locationId":34,"latitude":47.4566,"longitude":19.0283,"distanceFromStart":26.3},"type":"Injury","cost":3772.61}}
{"time":"2025-11-09 21:19:49","payload":{"id":283,"occurredAt":"2025-07-08T12:28:00+00:00","location":{"locationType":"roadsegment","locationId":30,"latitude":47.51363,"longitude":19.01026,"distanceFromStart":43.1},"type":"Injury","cost":5391.62}}
{"time":"2025-11-09 21:19:49","payload":{"id":284,"occurredAt":"2025-04-20T21:34:00+00:00","location":{"locationType":"roadsegment","locationId":47,"latitude":47.51763,"longitude":19.05335,"distanceFromStart":79.7},"type":"Injury","cost":1993.43}}
{"time":"2025-11-09 21:19:49","payload":{"id":285,"occurredAt":"2025-07-31T09:28:00+00:00","location":{"locationType":"roadsegment","locationId":38,"latitude":47.46968,"longitude":19.04596,"distanceFromStart":90.6},"type":"Injury","cost":5324.03}}
{"time":"2025-11-09 21:19:49","payload":{"id":286,"occurredAt":"2025-03-08T15:03:00+00:00","location":{"locationType":"intersection","locationId":87,"latitude":47.51417,"longitude":19.02259,"distanceFromStart":null},"type":"Injury","cost":7730.52}}
{"time":"2025-11-09 21:19:49","payload":{"id":287,"occurredAt":"2025-10-06T01:51:00+00:00","location":{"locationType":"roadsegment","locationId":8,"latitude":47.52504,"longitude":19.06323,"distanceFromStart":80.3},"type":"Injury","cost":6755.56}}
{"time":"2025-11-09 21:19:49","payload":{"id":288,"occurredAt":"2025-07-15T23:38:00+00:00","location":{"locationType":"intersection","locationId":75,"latitude":47.5153,"longitude":19.02734,"distanceFromStart":null},"type":"Injury","cost":6975.21}}
{"time":"2025-11-09 21:19:49","payload":{"id":289,"occurredAt":"2025-09-22T08:49:00+00:00","location":{"locationType":"roadsegment","locationId":19,"latitude":47.47944,"longitude":19.05558,"distanceFromStart":49.8},"type":"Injury","cost":1113.18}}
{"time":"2025-11-09 21:19:49","payload":{"id":290,"occurredAt":"2025-11-07T19:34:00+00:00","location":{"locationType":"intersection","locationId":44,"latitude":47.5129,"longitude":19.04324,"distanceFromStart":null},"type":"Injury","cost":3408.36}}
{"time":"2025-11-09 21:19:49","payload":{"id":291,"occurredAt":"2025-10-03T08:30:00+00:00","location":{"locationType":"roadsegment","locationId":41,"latitude":47.52886,"longitude":19.02327,"distanceFromStart":3.3},"type":"Injury","cost":4728.02}}
{"time":"2025-11-09 21:19:49","payload":{"id":292,"occurredAt":"2025-08-26T14:17:00+00:00","location":{"locationType":"roadsegment","locationId":6,"latitude":47.45979,"longitude":19.03775,"distanceFromStart":40.6},"type":"Injury","cost":2145.09}}
{"time":"2025-11-09 21:19:49","payload":{"id":293,"occurredAt":"2025-07-13T01:52:00+00:00","location":{"locationType":"roadsegment","locationId":49,"latitude":47.45857,"longitude":19.06161,"distanceFromStart":8.8},"type":"Injury","cost":7789.53}}
{"time":"2025-11-09 21:19:49","payload":{"id":294,"occurredAt":"2025-04-15T15:47:00+00:00","location":{"locationType":"roadsegment","locationId":20,"latitude":47.46256,"longitude":19.06772,"distanceFromStart":77.9},"type":"Injury","cost":4571.61}}
{"time":"2025-11-09 21:19:49","payload":{"id":295,"occurredAt":"2025-01-08T09:03:00+00:00","location":{"locationType":"roadsegment","locationId":30,"latitude":47.51363,"longitude":19.01026,"distanceFromStart":68.8},"type":"Injury","cost":2110.57}}
{"time":"2025-11-09 21:19:49","payload":{"id":296,"occurredAt":"2025-08-10T21:22:00+00:00","location":{"locationType":"roadsegment","locationId":37,"latitude":47.49961,"longitude":19.07216,"distanceFromStart":47.1},"type":"Injury","cost":2473.88}}
{"time":"2025-11-09 21:19:49","payload":{"id":297,"occurredAt":"2025-11-07T10:48:00+00:00","location":{"locationType":"intersection","locationId":6,"latitude":47.52986,"longitude":19.03678,"distanceFromStart":null},"type":"Injury","cost":5352.26}}
{"time":"2025-11-09 21:19:49","payload":{"id":298,"occurredAt":"2025-01-23T07:56:00+00:00","location":{"locationType":"intersection","locationId":93,"latitude":47.51293,"longitude":19.0635,"distanceFromStart":null},"type":"Injury","cost":8256.11}}
{"time":"2025-11-09 21:19:49","payload":{"id":299,"occurredAt":"2024-11-27T06:25:00+00:00","location":{"locationType":"roadsegment","locationId":38,"latitude":47.46968,"longitude":19.04596,"distanceFromStart":81.4},"type":"Injury","cost":6160.47}}
{"time":"2025-11-09 21:19:49","payload":{"id":300,"occurredAt":"2025-05-04T23:07:00+00:00","location":{"locationType":"intersection","locationId":39,"latitude":47.49717,"longitude":19.04285,"distanceFromStart":null},"type":"Injury","cost":5229.96}}
{"time":"2025-11-09 21:19:49","payload":{"id":301,"occurredAt":"2024-11-27T14:56:00+00:00","location":{"locationType":"roadsegment","locationId":2,"latitude":47.51195,"longitude":19.00015,"distanceFromStart":17.4},"type":"Injury","cost":8919.27}}
{"time":"2025-11-09 21:19:49","payload":{"id":302,"occurredAt":"2025-10-04T22:40:00+00:00","location":{"locationType":"intersection","locationId":79,"latitude":47.47095,"longitude":19.06747,"distanceFromStart":null},"type":"Injury","cost":5349.24}}
{"time":"2025-11-09 21:19:49","payload":{"id":303,"occurredAt":"2025-06-12T03:25:00+00:00","location":{"locationType":"roadsegment","locationId":38,"latitude":47.46968,"longitude":19.04596,"distanceFromStart":21.5},"type":"Injury","cost":8071.09}}
{"time":"2025-11-09 21:19:49","payload":{"id":304,"occurredAt":"2025-05-30T21:52:00+00:00","location":{"locationType":"roadsegment","locationId":43,"latitude":47.52274,"longitude":19.03046,"distanceFromStart":67.5},"type":"Injury","cost":2841.4}}
{"time":"2025-11-09 21:19:49","payload":{"id":305,"occurredAt":"2025-08-18T03:39:00+00:00","location":{"locationType":"intersection","locationId":45,"latitude":47.48995,"longitude":19.07423,"distanceFromStart":null},"type":"Injury","cost":5562.4}}
{"time":"2025-11-09 21:19:49","payload":{"id":306,"occurredAt":"2025-08-11T06:34:00+00:00","location":{"locationType":"intersection","locationId":16,"latitude":47.48787,"longitude":19.06005,"distanceFromStart":null},"type":"Injury","cost":8963.65}}
{"time":"2025-11-09 21:19:49","payload":{"id":307,"occurredAt":"2025-06-19T14:24:00+00:00","location":{"locationType":"intersection","locationId":48,"latitude":47.5115,"longitude":19.02479,"distanceFromStart":null},"type":"Injury","cost":8618.53}}
{"time":"2025-11-09 21:19:49","payload":{"id":308,"occurredAt":"2025-05-30T01:25:00+00:00","location":{"locationType":"roadsegment","locationId":2,"latitude":47.51195,"longitude":19.00015,"distanceFromStart":42.4},"type":"Injury","cost":5606.65}}
{"time":"2025-11-09 21:19:49","payload":{"id":309,"occurredAt":"2025-04-04T01:23:00+00:00","location":{"locationType":"roadsegment","locationId":20,"latitude":47.46256,"longitude":19.06772,"distanceFromStart":18.4},"type":"Injury","cost":7213.64}}
{"time":"2025-11-09 21:19:49","payload":{"id":310,"occurredAt":"2025-04-06T08:43:00+00:00","location":{"locationType":"roadsegment","locationId":16,"latitude":47.45822,"longitude":19.06856,"distanceFromStart":10.5},"type":"Injury","cost":6898.91}}
{"time":"2025-11-09 21:19:49","payload":{"id":311,"occurredAt":"2025-09-12T21:15:00+00:00","location":{"locationType":"intersection","locationId":5,"latitude":47.4916,"longitude":19.02813,"distanceFromStart":null},"type":"Injury","cost":7064.78}}
{"time":"2025-11-09 21:19:49","payload":{"id":312,"occurredAt":"2024-12-04T02:16:00+00:00","location":{"locationType":"intersection","locationId":61,"latitude":47.48662,"longitude":19.03378,"distanceFromStart":null},"type":"Injury","cost":5639.57}}
{"time":"2025-11-09 21:19:49","payload":{"id":313,"occurredAt":"2025-04-22T16:03:00+00:00","location":{"locationType":"intersection","locationId":6,"latitude":47.52986,"longitude":19.03678,"distanceFromStart":null},"type":"Injury","cost":1244.27}}
{"time":"2025-11-09 21:19:49","payload":{"id":314,"occurredAt":"2025-11-09T06:26:00+00:00","location":{"locationType":"intersection","locationId":12,"latitude":47.49015,"longitude":19.07767,"distanceFromStart":null},"type":"Injury","cost":4870.7}}
{"time":"2025-11-09 21:19:49","payload":{"id":315,"occurredAt":"2025-05-10T07:03:00+00:00","location":{"locationType":"roadsegment","locationId":41,"latitude":47.52886,"longitude":19.02327,"distanceFromStart":36.1},"type":"Injury","cost":6376.6}}
{"time":"2025-11-09 21:19:49","payload":{"id":316,"occurredAt":"2025-08-17T16:20:00+00:00","location":{"locationType":"roadsegment","locationId":46,"latitude":47.45367,"longitude":19.04712,"distanceFromStart":77},"type":"Injury","cost":6536.39}}
{"time":"2025-11-09 21:19:49","payload":{"id":317,"occurredAt":"2025-05-30T18:02:00+00:00","location":{"locationType":"roadsegment","locationId":6,"latitude":47.45979,"longitude":19.03775,"distanceFromStart":66.5},"type":"Injury","cost":6162.41}}
{"time":"2025-11-09 21:19:49","payload":{"id":318,"occurredAt":"2025-07-16T17:06:00+00:00","location":{"locationType":"roadsegment","locationId":2,"latitude":47.51195,"longitude":19.00015,"distanceFromStart":4.6},"type":"Injury","cost":4412.19}}
{"time":"2025-11-09 21:19:49","payload":{"id":319,"occurredAt":"2025-02-04T15:19:00+00:00","location":{"locationType":"intersection","locationId":74,"latitude":47.49373,"longitude":19.0346,"distanceFromStart":null},"type":"Injury","cost":4241.43}}
{"time":"2025-11-09 21:19:49","payload":{"id":320,"occurredAt":"2025-06-29T00:43:00+00:00","location":{"locationType":"roadsegment","locationId":22,"latitude":47.48323,"longitude":19.03386,"distanceFromStart":23},"type":"Injury","cost":3038.35}}
{"time":"2025-11-09 21:19:49","payload":{"id":321,"occurredAt":"2025-04-14T15:38:00+00:00","location":{"locationType":"roadsegment","locationId":28,"latitude":47.46251,"longitude":19.02294,"distanceFromStart":75.3},"type":"Injury","cost":6045.51}}
{"time":"2025-11-09 21:19:49","payload":{"id":322,"occurredAt":"2025-01-29T01:14:00+00:00","location":{"locationType":"roadsegment","locationId":37,"latitude":47.49961,"longitude":19.07216,"distanceFromStart":39.9},"type":"Injury","cost":1679.27}}
{"time":"2025-11-09 21:19:49","payload":{"id":323,"occurredAt":"2025-03-09T23:38:00+00:00","location":{"locationType":"roadsegment","locationId":13,"latitude":47.4783,"longitude":19.03681,"distanceFromStart":98.3},"type":"Injury","cost":4964.44}}
{"time":"2025-11-09 21:19:49","payload":{"id":324,"occurredAt":"2024-12-03T01:14:00+00:00","location":{"locationType":"intersection","locationId":85,"latitude":47.51941,"longitude":19.04163,"distanceFromStart":null},"type":"Injury","cost":6608.74}}
{"time":"2025-11-09 21:19:49","payload":{"id":325,"occurredAt":"2025-07-16T07:12:00+00:00","location":{"locationType":"roadsegment","locationId":21,"latitude":47.49602,"longitude":19.01333,"distanceFromStart":98.1},"type":"Injury","cost":9011.67}}
{"time":"2025-11-09 21:19:49","payload":{"id":326,"occurredAt":"2025-08-02T17:09:00+00:00","location":{"locationType":"intersection","locationId":87,"latitude":47.51417,"longitude":19.02259,"distanceFromStart":null},"type":"Injury","cost":7082.35}}
{"time":"2025-11-09 21:19:49","payload":{"id":327,"occurredAt":"2025-10-13T18:44:00+00:00","location":{"locationType":"intersection","locationId":49,"latitude":47.51928,"longitude":19.0767,"distanceFromStart":null},"type":"Injury","cost":5301.39}}
{"time":"2025-11-09 21:19:49","payload":{"id":328,"occurredAt":"2025-07-07T23:26:00+00:00","location":{"locationType":"intersection","locationId":9,"latitude":47.47969,"longitude":19.03048,"distanceFromStart":null},"type":"Injury","cost":7824.95}}
{"time":"2025-11-09 21:19:49","payload":{"id":329,"occurredAt":"2025-08-13T04:41:00+00:00","location":{"locationType":"roadsegment","locationId":39,"latitude":47.46195,"longitude":19.07747,"distanceFromStart":32},"type":"Injury","cost":1560.92}}
{"time":"2025-11-09 21:19:49","payload":{"id":330,"occurredAt":"2025-07-27T02:30:00+00:00","location":{"locationType":"roadsegment","locationId":20,"latitude":47.46256,"longitude":19.06772,"distanceFromStart":37.7},"type":"Injury","cost":5932.36}}
{"time":"2025-11-09 21:19:49","payload":{"id":331,"occurredAt":"2025-06-03T10:10:00+00:00","location":{"locationType":"intersection","locationId":38,"latitude":47.50986,"longitude":19.02035,"distanceFromStart":null},"type":"Injury","cost":4287.96}}
{"time":"2025-11-09 21:19:49","payload":{"id":332,"occurredAt":"2025-03-03T14:39:00+00:00","location":{"locationType":"roadsegment","locationId":39,"latitude":47.46195,"longitude":19.07747,"distanceFromStart":45.1},"type":"Injury","cost":6166.6}}
{"time":"2025-11-09 21:19:49","payload":{"id":333,"occurredAt":"2025-02-12T14:10:00+00:00","location":{"locationType":"roadsegment","locationId":25,"latitude":47.47749,"longitude":19.01123,"distanceFromStart":76.9},"type":"Injury","cost":2120.33}}
{"time":"2025-11-09 21:19:49","payload":{"id":334,"occurredAt":"2025-04-14T00:13:00+00:00","location":{"locationType":"roadsegment","locationId":18,"latitude":47.46899,"longitude":19.06617,"distanceFromStart":23.9},"type":"Injury","cost":4737.25}}
{"time":"2025-11-09 21:19:49","payload":{"id":335,"occurredAt":"2025-04-04T11:53:00+00:00","location":{"locationType":"roadsegment","locationId":34,"latitude":47.4566,"longitude":19.0283,"distanceFromStart":8.4},"type":"Injury","cost":8043.2}}
{"time":"2025-11-09 21:19:49","payload":{"id":336,"occurredAt":"2025-06-22T11:35:00+00:00","location":{"locationType":"roadsegment","locationId":28,"latitude":47.46251,"longitude":19.02294,"distanceFromStart":70.2},"type":"Injury","cost":6649.91}}
{"time":"2025-11-09 21:19:49","payload":{"id":337,"occurredAt":"2024-12-06T07:04:00+00:00","location":{"locationType":"intersection","locationId":38,"latitude":47.50986,"longitude":19.02035,"distanceFromStart":null},"type":"Injury","cost":6011.08}}
{"time":"2025-11-09 21:19:49","payload":{"id":338,"occurredAt":"2025-03-29T13:54:00+00:00","location":{"locationType":"intersection","locationId":33,"latitude":47.49522,"longitude":19.07342,"distanceFromStart":null},"type":"Injury","cost":8833.72}}
{"time":"2025-11-09 21:19:49","payload":{"id":339,"occurredAt":"2024-12-30T03:36:00+00:00","location":{"locationType":"roadsegment","locationId":11,"latitude":47.46784,"longitude":19.07747,"distanceFromStart":3.9},"type":"Injury","cost":1528.99}}
{"time":"2025-11-09 21:19:49","payload":{"id":340,"occurredAt":"2025-11-04T05:47:00+00:00","location":{"locationType":"roadsegment","locationId":28,"latitude":47.46251,"longitude":19.02294,"distanceFromStart":27.3},"type":"Injury","cost":4226.23}}
{"time":"2025-11-09 21:19:49","payload":{"id":341,"occurredAt":"2025-01-21T12:57:00+00:00","location":{"locationType":"roadsegment","locationId":4,"latitude":47.4619,"longitude":19.04793,"distanceFromStart":30.5},"type":"Injury","cost":5829.94}}
{"time":"2025-11-09 21:19:49","payload":{"id":342,"occurredAt":"2025-05-26T11:50:00+00:00","location":{"locationType":"roadsegment","locationId":42,"latitude":47.45353,"longitude":19.06722,"distanceFromStart":27},"type":"Injury","cost":6016.8}}
{"time":"2025-11-09 21:19:49","payload":{"id":343,"occurredAt":"2025-02-23T15:14:00+00:00","location":{"locationType":"intersection","locationId":53,"latitude":47.47105,"longitude":19.03415,"distanceFromStart":null},"type":"Injury","cost":8211.02}}
{"time":"2025-11-09 21:19:49","payload":{"id":344,"occurredAt":"2024-11-22T18:49:00+00:00","location":{"locationType":"intersection","locationId":85,"latitude":47.51941,"longitude":19.04163,"distanceFromStart":null},"type":"Injury","cost":8864.13}}
{"time":"2025-11-09 21:19:49","payload":{"id":345,"occurredAt":"2024-12-11T09:02:00+00:00","location":{"locationType":"intersection","locationId":11,"latitude":47.47544,"longitude":19.02672,"distanceFromStart":null},"type":"Injury","cost":7164.84}}
{"time":"2025-11-09 21:19:49","payload":{"id":346,"occurredAt":"2025-06-23T19:39:00+00:00","location":{"locationType":"intersection","locationId":15,"latitude":47.47706,"longitude":19.03227,"distanceFromStart":null},"type":"Injury","cost":6820}}
{"time":"2025-11-09 21:19:49","payload":{"id":347,"occurredAt":"2025-01-22T09:52:00+00:00","location":{"locationType":"roadsegment","locationId":34,"latitude":47.4566,"longitude":19.0283,"distanceFromStart":99.5},"type":"Injury","cost":1937.01}}
{"time":"2025-11-09 21:19:49","payload":{"id":348,"occurredAt":"2024-12-19T17:06:00+00:00","location":{"locationType":"roadsegment","locationId":15,"latitude":47.45018,"longitude":19.00714,"distanceFromStart":35.1},"type":"Injury","cost":3649.72}}
{"time":"2025-11-09 21:19:49","payload":{"id":349,"occurredAt":"2025-04-19T14:28:00+00:00","location":{"locationType":"intersection","locationId":75,"latitude":47.5153,"longitude":19.02734,"distanceFromStart":null},"type":"Injury","cost":8607.96}}
{"time":"2025-11-09 21:19:49","payload":{"id":350,"occurredAt":"2025-06-26T11:50:00+00:00","location":{"locationType":"intersection","locationId":100,"latitude":47.48452,"longitude":19.05412,"distanceFromStart":null},"type":"Injury","cost":6286.79}}
{"time":"2025-11-09 21:19:49","payload":{"id":351,"occurredAt":"2024-11-13T08:11:00+00:00","location":{"locationType":"roadsegment","locationId":15,"latitude":47.45018,"longitude":19.00714,"distanceFromStart":95.8},"type":"Injury","cost":9556.13}}
{"time":"2025-11-09 21:19:49","payload":{"id":352,"occurredAt":"2025-05-30T23:52:00+00:00","location":{"locationType":"intersection","locationId":53,"latitude":47.47105,"longitude":19.03415,"distanceFromStart":null},"type":"Injury","cost":7059.76}}
{"time":"2025-11-09 21:19:49","payload":{"id":353,"occurredAt":"2025-05-11T16:45:00+00:00","location":{"locationType":"roadsegment","locationId":12,"latitude":47.52265,"longitude":19.06291,"distanceFromStart":78.5},"type":"Injury","cost":3696.02}}
{"time":"2025-11-09 21:19:49","payload":{"id":354,"occurredAt":"2025-05-21T21:51:00+00:00","location":{"locationType":"intersection","locationId":41,"latitude":47.48661,"longitude":19.02606,"distanceFromStart":null},"type":"Injury","cost":2422.95}}
{"time":"2025-11-09 21:19:49","payload":{"id":355,"occurredAt":"2025-03-22T11:25:00+00:00","location":{"locationType":"roadsegment","locationId":9,"latitude":47.45385,"longitude":19.06266,"distanceFromStart":54.1},"type":"Injury","cost":6054.92}}
{"time":"2025-11-09 21:19:49","payload":{"id":356,"occurredAt":"2025-06-07T13:44:00+00:00","location":{"locationType":"roadsegment","locationId":45,"latitude":47.48758,"longitude":19.02775,"distanceFromStart":65.2},"type":"Injury","cost":6243.71}}
{"time":"2025-11-09 21:19:49","payload":{"id":357,"occurredAt":"2025-01-13T08:07:00+00:00","location":{"locationType":"roadsegment","locationId":32,"latitude":47.47843,"longitude":19.03723,"distanceFromStart":49.1},"type":"Injury","cost":3114.73}}
{"time":"2025-11-09 21:19:49","payload":{"id":358,"occurredAt":"2025-05-06T01:00:00+00:00","location":{"locationType":"roadsegment","locationId":41,"latitude":47.52886,"longitude":19.02327,"distanceFromStart":3.6},"type":"Injury","cost":8836.76}}
{"time":"2025-11-09 21:19:49","payload":{"id":359,"occurredAt":"2025-11-06T15:06:00+00:00","location":{"locationType":"intersection","locationId":57,"latitude":47.52284,"longitude":19.0633,"distanceFromStart":null},"type":"Injury","cost":9597.53}}
{"time":"2025-11-09 21:19:49","payload":{"id":360,"occurredAt":"2025-04-29T22:25:00+00:00","location":{"locationType":"roadsegment","locationId":43,"latitude":47.52274,"longitude":19.03046,"distanceFromStart":4.7},"type":"Injury","cost":7678.51}}
{"time":"2025-11-09 21:19:49","payload":{"id":361,"occurredAt":"2024-12-03T15:11:00+00:00","location":{"locationType":"intersection","locationId":8,"latitude":47.5268,"longitude":19.04109,"distanceFromStart":null},"type":"Injury","cost":7695.9}}
{"time":"2025-11-09 21:19:49","payload":{"id":362,"occurredAt":"2025-03-01T15:13:00+00:00","location":{"locationType":"intersection","locationId":14,"latitude":47.47014,"longitude":19.04592,"distanceFromStart":null},"type":"Injury","cost":4666.41}}
{"time":"2025-11-09 21:19:49","payload":{"id":363,"occurredAt":"2025-08-28T00:22:00+00:00","location":{"locationType":"intersection","locationId":19,"latitude":47.4887,"longitude":19.06485,"distanceFromStart":null},"type":"Injury","cost":9141.07}}
{"time":"2025-11-09 21:19:49","payload":{"id":364,"occurredAt":"2025-08-22T23:13:00+00:00","location":{"locationType":"intersection","locationId":58,"latitude":47.47602,"longitude":19.06972,"distanceFromStart":null},"type":"Injury","cost":4625.8}}
{"time":"2025-11-09 21:19:49","payload":{"id":365,"occurredAt":"2025-10-12T22:51:00+00:00","location":{"locationType":"intersection","locationId":75,"latitude":47.5153,"longitude":19.02734,"distanceFromStart":null},"type":"Injury","cost":6402.44}}
{"time":"2025-11-09 21:19:49","payload":{"id":366,"occurredAt":"2025-06-28T05:00:00+00:00","location":{"locationType":"roadsegment","locationId":7,"latitude":47.51895,"longitude":19.0396,"distanceFromStart":72.1},"type":"Injury","cost":5275.19}}
{"time":"2025-11-09 21:19:49","payload":{"id":367,"occurredAt":"2025-04-20T09:09:00+00:00","location":{"locationType":"roadsegment","locationId":43,"latitude":47.52274,"longitude":19.03046,"distanceFromStart":54.5},"type":"Injury","cost":8961.97}}
{"time":"2025-11-09 21:19:49","payload":{"id":368,"occurredAt":"2025-07-18T06:15:00+00:00","location":{"locationType":"intersection","locationId":43,"latitude":47.50989,"longitude":19.07436,"distanceFromStart":null},"type":"Injury","cost":1788.3}}
{"time":"2025-11-09 21:19:49","payload":{"id":369,"occurredAt":"2025-10-01T04:52:00+00:00","location":{"locationType":"intersection","locationId":75,"latitude":47.5153,"longitude":19.02734,"distanceFromStart":null},"type":"Injury","cost":5394.64}}
{"time":"2025-11-09 21:19:49","payload":{"id":370,"occurredAt":"2025-05-26T20:26:00+00:00","location":{"locationType":"intersection","locationId":65,"latitude":47.48417,"longitude":19.0724,"distanceFromStart":null},"type":"Injury","cost":6782.76}}
{"time":"2025-11-09 21:19:49","payload":{"id":371,"occurredAt":"2025-06-10T14:49:00+00:00","location":{"locationType":"roadsegment","locationId":36,"latitude":47.45692,"longitude":19.01341,"distanceFromStart":35},"type":"Injury","cost":6887.84}}
{"time":"2025-11-09 21:19:49","payload":{"id":372,"occurredAt":"2025-10-09T01:27:00+00:00","location":{"locationType":"intersection","locationId":12,"latitude":47.49015,"longitude":19.07767,"distanceFromStart":null},"type":"Injury","cost":8921.78}}
{"time":"2025-11-09 21:19:49","payload":{"id":373,"occurredAt":"2025-02-13T23:48:00+00:00","location":{"locationType":"intersection","locationId":5,"latitude":47.4916,"longitude":19.02813,"distanceFromStart":null},"type":"Injury","cost":9871.11}}
{"time":"2025-11-09 21:19:49","payload":{"id":374,"occurredAt":"2025-01-13T17:53:00+00:00","location":{"locationType":"intersection","locationId":58,"latitude":47.47602,"longitude":19.06972,"distanceFromStart":null},"type":"Injury","cost":3398.95}}
{"time":"2025-11-09 21:19:49","payload":{"id":375,"occurredAt":"2025-01-23T10:27:00+00:00","location":{"locationType":"roadsegment","locationId":29,"latitude":47.506,"longitude":19.06736,"distanceFromStart":10.4},"type":"Injury","cost":7502.2}}
{"time":"2025-11-09 21:19:49","payload":{"id":376,"occurredAt":"2025-07-09T20:07:00+00:00","location":{"locationType":"roadsegment","locationId":4,"latitude":47.4619,"longitude":19.04793,"distanceFromStart":8.5},"type":"Injury","cost":4778.29}}
{"time":"2025-11-09 21:19:49","payload":{"id":377,"occurredAt":"2024-11-23T01:35:00+00:00","location":{"locationType":"intersection","locationId":65,"latitude":47.48417,"longitude":19.0724,"distanceFromStart":null},"type":"Injury","cost":8027.46}}
{"time":"2025-11-09 21:19:49","payload":{"id":378,"occurredAt":"2024-11-20T21:06:00+00:00","location":{"locationType":"intersection","locationId":33,"latitude":47.49522,"longitude":19.07342,"distanceFromStart":null},"type":"Injury","cost":4641.8}}
{"time":"2025-11-09 21:19:49","payload":{"id":379,"occurredAt":"2024-12-10T15:01:00+00:00","location":{"locationType":"roadsegment","locationId":46,"latitude":47.45367,"longitude":19.04712,"distanceFromStart":86.9},"type":"Injury","cost":3200.29}}
{"time":"2025-11-09 21:19:49","payload":{"id":380,"occurredAt":"2025-05-18T23:11:00+00:00","location":{"locationType":"roadsegment","locationId":35,"latitude":47.46167,"longitude":19.05118,"distanceFromStart":62.4},"type":"Injury","cost":4152.43}}
{"time":"2025-11-09 21:19:49","payload":{"id":381,"occurredAt":"2025-02-06T05:02:00+00:00","location":{"locationType":"roadsegment","locationId":16,"latitude":47.45822,"longitude":19.06856,"distanceFromStart":41},"type":"Injury","cost":3133.97}}
{"time":"2025-11-09 21:19:49","payload":{"id":382,"occurredAt":"2025-06-13T13:17:00+00:00","location":{"locationType":"intersection","locationId":48,"latitude":47.5115,"longitude":19.02479,"distanceFromStart":null},"type":"Injury","cost":5542.69}}
{"time":"2025-11-09 21:19:49","payload":{"id":383,"occurredAt":"2025-07-23T05:06:00+00:00","location":{"locationType":"roadsegment","locationId":38,"latitude":47.46968,"longitude":19.04596,"distanceFromStart":10.2},"type":"Injury","cost":6985.8}}
{"time":"2025-11-09 21:19:49","payload":{"id":384,"occurredAt":"2025-11-09T12:52:00+00:00","location":{"locationType":"roadsegment","locationId":22,"latitude":47.48323,"longitude":19.03386,"distanceFromStart":79.5},"type":"Injury","cost":6306.42}}
{"time":"2025-11-09 21:19:49","payload":{"id":385,"occurredAt":"2025-02-23T04:48:00+00:00","location":{"locationType":"roadsegment","locationId":30,"latitude":47.51363,"longitude":19.01026,"distanceFromStart":36.9},"type":"Injury","cost":4346.46}}
{"time":"2025-11-09 21:19:49","payload":{"id":386,"occurredAt":"2025-06-08T02:42:00+00:00","location":{"locationType":"intersection","locationId":33,"latitude":47.49522,"longitude":19.07342,"distanceFromStart":null},"type":"Injury","cost":6780.4}}
{"time":"2025-11-09 21:19:49","payload":{"id":387,"occurredAt":"2025-04-22T15:21:00+00:00","location":{"locationType":"roadsegment","locationId":3,"latitude":47.52612,"longitude":19.01538,"distanceFromStart":8.8},"type":"Injury","cost":9037.14}}
{"time":"2025-11-09 21:19:49","payload":{"id":388,"occurredAt":"2025-01-05T16:05:00+00:00","location":{"locationType":"intersection","locationId":28,"latitude":47.4999,"longitude":19.05835,"distanceFromStart":null},"type":"Injury","cost":5230.12}}
{"time":"2025-11-09 21:19:49","payload":{"id":389,"occurredAt":"2025-10-03T04:47:00+00:00","location":{"locationType":"intersection","locationId":17,"latitude":47.47335,"longitude":19.02116,"distanceFromStart":null},"type":"Injury","cost":8933.12}}
{"time":"2025-11-09 21:19:49","payload":{"id":390,"occurredAt":"2024-12-21T09:14:00+00:00","location":{"locationType":"intersection","locationId":55,"latitude":47.51401,"longitude":19.06846,"distanceFromStart":null},"type":"Injury","cost":3619.61}}
{"time":"2025-11-09 21:19:49","payload":{"id":391,"occurredAt":"2025-10-16T18:50:00+00:00","location":{"locationType":"roadsegment","locationId":37,"latitude":47.49961,"longitude":19.07216,"distanceFromStart":77.9},"type":"Injury","cost":2737.87}}
{"time":"2025-11-09 21:19:49","payload":{"id":392,"occurredAt":"2024-11-25T01:12:00+00:00","location":{"locationType":"roadsegment","locationId":47,"latitude":47.51763,"longitude":19.05335,"distanceFromStart":7.8},"type":"Injury","cost":7128.03}}
{"time":"2025-11-09 21:19:49","payload":{"id":393,"occurredAt":"2024-12-18T05:57:00+00:00","location":{"locationType":"roadsegment","locationId":17,"latitude":47.52024,"longitude":19.01204,"distanceFromStart":80.2},"type":"Injury","cost":1872.42}}
{"time":"2025-11-09 21:19:49","payload":{"id":394,"occurredAt":"2025-04-20T03:04:00+00:00","location":{"locationType":"roadsegment","locationId":36,"latitude":47.45692,"longitude":19.01341,"distanceFromStart":41.7},"type":"Injury","cost":7694.61}}
{"time":"2025-11-09 21:19:49","payload":{"id":395,"occurredAt":"2024-12-11T05:32:00+00:00","location":{"locationType":"roadsegment","locationId":38,"latitude":47.46968,"longitude":19.04596,"distanceFromStart":6.2},"type":"Injury","cost":7169.69}}
{"time":"2025-11-09 21:19:49","payload":{"id":396,"occurredAt":"2025-06-14T06:42:00+00:00","location":{"locationType":"roadsegment","locationId":24,"latitude":47.49213,"longitude":19.06625,"distanceFromStart":27.9},"type":"Injury","cost":3816.18}}
{"time":"2025-11-09 21:19:49","payload":{"id":397,"occurredAt":"2025-04-20T08:32:00+00:00","location":{"locationType":"roadsegment","locationId":2,"latitude":47.51195,"longitude":19.00015,"distanceFromStart":38},"type":"Injury","cost":2081.69}}
{"time":"2025-11-09 21:19:49","payload":{"id":398,"occurredAt":"2025-08-09T11:35:00+00:00","location":{"locationType":"roadsegment","locationId":25,"latitude":47.47749,"longitude":19.01123,"distanceFromStart":85.1},"type":"Injury","cost":7093.93}}
{"time":"2025-11-09 21:19:49","payload":{"id":399,"occurredAt":"2025-10-17T00:33:00+00:00","location":{"locationType":"intersection","locationId":14,"latitude":47.47014,"longitude":19.04592,"distanceFromStart":null},"type":"Injury","cost":3893.16}}
{"time":"2025-11-09 21:19:49","payload":{"id":400,"occurredAt":"2025-10-17T19:54:00+00:00","location":{"locationType":"roadsegment","locationId":19,"latitude":47.47944,"longitude":19.05558,"distanceFromStart":61.4},"type":"Injury","cost":5267.68}}
