[2025-11-09 21:19:48] INFO: Countermeasure created {"id":1,"name":"Intersection CM 01 - INT-014 enhancements","targetType":"Intersection","lifecycleStatus":"proposed"}
[2025-11-09 21:19:48] INFO: Countermeasure created {"id":2,"name":"Intersection CM 02 - INT-022 enhancements","targetType":"Intersection","lifecycleStatus":"implemented"}
[2025-11-09 21:19:48] INFO: Countermeasure created {"id":3,"name":"Intersection CM 03 - INT-030 enhancements","targetType":"Intersection","lifecycleStatus":"approved"}
[2025-11-09 21:19:48] INFO: Countermeasure created {"id":4,"name":"Intersection CM 04 - INT-028 enhancements","targetType":"Intersection","lifecycleStatus":"proposed"}
[2025-11-09 21:19:48] INFO: Countermeasure created {"id":5,"name":"Intersection CM 05 - INT-016 enhancements","targetType":"Intersection","lifecycleStatus":"approved"}
[2025-11-09 21:19:48] INFO: Countermeasure created {"id":6,"name":"Intersection CM 06 - INT-037 enhancements","targetType":"Intersection","lifecycleStatus":"proposed"}
[2025-11-09 21:19:48] INFO: Countermeasure created {"id":7,"name":"Intersection CM 07 - INT-092 enhancements","targetType":"Intersection","lifecycleStatus":"implemented"}
[2025-11-09 21:19:48] INFO: Countermeasure created {"id":8,"name":"Intersection CM 08 - INT-083 enhancements","targetType":"Intersection","lifecycleStatus":"implemented"}
[2025-11-09 21:19:48] INFO: Countermeasure created {"id":9,"name":"Intersection CM 09 - INT-028 enhancements","targetType":"Intersection","lifecycleStatus":"proposed"}
[2025-11-09 21:19:48] INFO: Countermeasure created {"id":10,"name":"Intersection CM 10 - INT-044 enhancements","targetType":"Intersection","lifecycleStatus":"implemented"}
[2025-11-09 21:19:48] INFO: Countermeasure created {"id":11,"name":"Intersection CM 11 - INT-066 enhancements","targetType":"Intersection","lifecycleStatus":"proposed"}
[2025-11-09 21:19:48] INFO: Countermeasure created {"id":12,"name":"Intersection CM 12 - INT-039 enhancements","targetType":"Intersection","lifecycleStatus":"approved"}
[2025-11-09 21:19:48] INFO: Countermeasure created {"id":13,"name":"Intersection CM 13 - INT-063 enhancements","targetType":"Intersection","lifecycleStatus":"implemented"}
[2025-11-09 21:19:48] INFO: Countermeasure created {"id":14,"name":"Intersection CM 14 - INT-042 enhancements","targetType":"Intersection","lifecycleStatus":"implemented"}
[2025-11-09 21:19:48] INFO: Countermeasure created {"id":15,"name":"Intersection CM 15 - INT-019 enhancements","targetType":"Intersection","lifecycleStatus":"approved"}
[2025-11-09 21:19:48] INFO: Countermeasure created {"id":16,"name":"Intersection CM 16 - INT-009 enhancements","targetType":"Intersection","lifecycleStatus":"implemented"}
[2025-11-09 21:19:48] INFO: Countermeasure created {"id":17,"name":"Intersection CM 17 - INT-097 enhancements","targetType":"Intersection","lifecycleStatus":"approved"}
[2025-11-09 21:19:48] INFO: Countermeasure created {"id":18,"name":"Intersection CM 18 - INT-001 enhancements","targetType":"Intersection","lifecycleStatus":"approved"}
[2025-11-09 21:19:48] INFO: Countermeasure created {"id":19,"name":"Intersection CM 19 - INT-057 enhancements","targetType":"Intersection","lifecycleStatus":"implemented"}
[2025-11-09 21:19:48] INFO: Countermeasure created {"id":20,"name":"Intersection CM 20 - INT-032 enhancements","targetType":"Intersection","lifecycleStatus":"approved"}
[2025-11-09 21:19:48] INFO: Countermeasure created {"id":21,"name":"Intersection CM 21 - INT-065 enhancements","targetType":"Intersection","lifecycleStatus":"proposed"}
[2025-11-09 21:19:48] INFO: Countermeasure created {"id":22,"name":"Intersection CM 22 - INT-011 enhancements","targetType":"Intersection","lifecycleStatus":"proposed"}
[2025-11-09 21:19:48] INFO: Countermeasure created {"id":23,"name":"Intersection CM 23 - INT-013 enhancements","targetType":"Intersection","lifecycleStatus":"approved"}
[2025-11-09 21:19:48] INFO: Countermeasure created {"id":24,"name":"Intersection CM 24 - INT-016 enhancements","targetType":"Intersection","lifecycleStatus":"implemented"}
[2025-11-09 21:19:48] INFO: Countermeasure created {"id":25,"name":"Intersection CM 25 - INT-078 enhancements","targetType":"Intersection","lifecycleStatus":"approved"}
[2025-11-09 21:19:48] INFO: Countermeasure created {"id":26,"name":"Intersection CM 26 - INT-048 enhancements","targetType":"Intersection","lifecycleStatus":"approved"}
[2025-11-09 21:19:48] INFO: Countermeasure created {"id":27,"name":"Intersection CM 27 - INT-049 enhancements","targetType":"Intersection","lifecycleStatus":"implemented"}
[2025-11-09 21:19:48] INFO: Countermeasure created {"id":28,"name":"Intersection CM 28 - INT-069 enhancements","targetType":"Intersection","lifecycleStatus":"approved"}
[2025-11-09 21:19:48] INFO: Countermeasure created {"id":29,"name":"Intersection CM 29 - INT-061 enhancements","targetType":"Intersection","lifecycleStatus":"proposed"}
[2025-11-09 21:19:48] INFO: Countermeasure created {"id":30,"name":"Intersection CM 30 - INT-081 enhancements","targetType":"Intersection","lifecycleStatus":"approved"}
[2025-11-09 21:19:48] INFO: Countermeasure created {"id":31,"name":"Intersection CM 31 - INT-095 enhancements","targetType":"Intersection","lifecycleStatus":"approved"}
[2025-11-09 21:19:48] INFO: Countermeasure created {"id":32,"name":"Intersection CM 32 - INT-057 enhancements","targetType":"Intersection","lifecycleStatus":"proposed"}
[2025-11-09 21:19:48] INFO: Countermeasure created {"id":33,"name":"Intersection CM 33 - INT-092 enhancements","targetType":"Intersection","lifecycleStatus":"proposed"}
[2025-11-09 21:19:48] INFO: Countermeasure created {"id":34,"name":"Intersection CM 34 - INT-054 enhancements","targetType":"Intersection","lifecycleStatus":"proposed"}
[2025-11-09 21:19:48] INFO: Countermeasure created {"id":35,"name":"Intersection CM 35 - INT-018 enhancements","targetType":"Intersection","lifecycleStatus":"proposed"}
[2025-11-09 21:19:48] INFO: Countermeasure created {"id":36,"name":"Intersection CM 36 - INT-046 enhancements","targetType":"Intersection","lifecycleStatus":"approved"}
[2025-11-09 21:19:48] INFO: Countermeasure created {"id":37,"name":"Intersection CM 37 - INT-097 enhancements","targetType":"Intersection","lifecycleStatus":"approved"}
[2025-11-09 21:19:48] INFO: Countermeasure created {"id":38,"name":"Intersection CM 38 - INT-042 enhancements","targetType":"Intersection","lifecycleStatus":"approved"}
[2025-11-09 21:19:48] INFO: Countermeasure created {"id":39,"name":"Intersection CM 39 - INT-026 enhancements","targetType":"Intersection","lifecycleStatus":"approved"}
[2025-11-09 21:19:48] INFO: Countermeasure created {"id":40,"name":"Intersection CM 40 - INT-041 enhancements","targetType":"Intersection","lifecycleStatus":"proposed"}
[2025-11-09 21:19:48] INFO: Countermeasure created {"id":41,"name":"Intersection CM 41 - INT-098 enhancements","targetType":"Intersection","lifecycleStatus":"approved"}
[2025-11-09 21:19:48] INFO: Countermeasure created {"id":42,"name":"Intersection CM 42 - INT-080 enhancements","targetType":"Intersection","lifecycleStatus":"proposed"}
[2025-11-09 21:19:48] INFO: Countermeasure created {"id":43,"name":"Intersection CM 43 - INT-061 enhancements","targetType":"Intersection","lifecycleStatus":"proposed"}
[2025-11-09 21:19:48] INFO: Countermeasure created {"id":44,"name":"Intersection CM 44 - INT-092 enhancements","targetType":"Intersection","lifecycleStatus":"implemented"}
[2025-11-09 21:19:48] INFO: Countermeasure created {"id":45,"name":"Intersection CM 45 - INT-064 enhancements","targetType":"Intersection","lifecycleStatus":"approved"}
[2025-11-09 21:19:48] INFO: Countermeasure created {"id":46,"name":"Intersection CM 46 - INT-014 enhancements","targetType":"Intersection","lifecycleStatus":"proposed"}
[2025-11-09 21:19:48] INFO: Countermeasure created {"id":47,"name":"Intersection CM 47 - INT-033 enhancements","targetType":"Intersection","lifecycleStatus":"proposed"}
[2025-11-09 21:19:48] INFO: Countermeasure created {"id":48,"name":"Intersection CM 48 - INT-047 enhancements","targetType":"Intersection","lifecycleStatus":"approved"}
[2025-11-09 21:19:48] INFO: Countermeasure created {"id":49,"name":"Intersection CM 49 - INT-044 enhancements","targetType":"Intersection","lifecycleStatus":"implemented"}
[2025-11-09 21:19:48] INFO: Countermeasure created {"id":50,"name":"Intersection CM 50 - INT-024 enhancements","targetType":"Intersection","lifecycleStatus":"approved"}
[2025-11-09 21:19:48] INFO: Countermeasure created {"id":51,"name":"Intersection CM 51 - INT-076 enhancements","targetType":"Intersection","lifecycleStatus":"implemented"}
[2025-11-09 21:19:48] INFO: Countermeasure created {"id":52,"name":"Intersection CM 52 - INT-090 enhancements","targetType":"Intersection","lifecycleStatus":"proposed"}
[2025-11-09 21:19:48] INFO: Countermeasure created {"id":53,"name":"Intersection CM 53 - INT-065 enhancements","targetType":"Intersection","lifecycleStatus":"implemented"}
[2025-11-09 21:19:48] INFO: Countermeasure created {"id":54,"name":"Intersection CM 54 - INT-008 enhancements","targetType":"Intersection","lifecycleStatus":"implemented"}
[2025-11-09 21:19:48] INFO: Countermeasure created {"id":55,"name":"Intersection CM 55 - INT-037 enhancements","targetType":"Intersection","lifecycleStatus":"implemented"}
[2025-11-09 21:19:48] INFO: Countermeasure created {"id":56,"name":"Intersection CM 56 - INT-066 enhancements","targetType":"Intersection","lifecycleStatus":"implemented"}
[2025-11-09 21:19:48] INFO: Countermeasure created {"id":57,"name":"Intersection CM 57 - INT-015 enhancements","targetType":"Intersection","lifecycleStatus":"approved"}
[2025-11-09 21:19:48] INFO: Countermeasure created {"id":58,"name":"Intersection CM 58 - INT-042 enhancements","targetType":"Intersection","lifecycleStatus":"approved"}
[2025-11-09 21:19:48] INFO: Countermeasure created {"id":59,"name":"Intersection CM 59 - INT-098 enhancements","targetType":"Intersection","lifecycleStatus":"proposed"}
[2025-11-09 21:19:48] INFO: Countermeasure created {"id":60,"name":"Intersection CM 60 - INT-078 enhancements","targetType":"Intersection","lifecycleStatus":"approved"}
[2025-11-09 21:19:48] INFO: Countermeasure created {"id":61,"name":"Road CM 01 - SEG-027 safety program","targetType":"RoadSegment","lifecycleStatus":"approved"}
[2025-11-09 21:19:48] INFO: Countermeasure created {"id":62,"name":"Road CM 02 - SEG-032 safety program","targetType":"RoadSegment","lifecycleStatus":"approved"}
[2025-11-09 21:19:48] INFO: Countermeasure created {"id":63,"name":"Road CM 03 - SEG-016 safety program","targetType":"RoadSegment","lifecycleStatus":"implemented"}
[2025-11-09 21:19:48] INFO: Countermeasure created {"id":64,"name":"Road CM 04 - SEG-043 safety program","targetType":"RoadSegment","lifecycleStatus":"implemented"}
[2025-11-09 21:19:48] INFO: Countermeasure created {"id":65,"name":"Road CM 05 - SEG-039 safety program","targetType":"RoadSegment","lifecycleStatus":"proposed"}
[2025-11-09 21:19:48] INFO: Countermeasure created {"id":66,"name":"Road CM 06 - SEG-018 safety program","targetType":"RoadSegment","lifecycleStatus":"approved"}
[2025-11-09 21:19:48] INFO: Countermeasure created {"id":67,"name":"Road CM 07 - SEG-005 safety program","targetType":"RoadSegment","lifecycleStatus":"approved"}
[2025-11-09 21:19:48] INFO: Countermeasure created {"id":68,"name":"Road CM 08 - SEG-026 safety program","targetType":"RoadSegment","lifecycleStatus":"proposed"}
[2025-11-09 21:19:48] INFO: Countermeasure created {"id":69,"name":"Road CM 09 - SEG-026 safety program","targetType":"RoadSegment","lifecycleStatus":"approved"}
[2025-11-09 21:19:48] INFO: Countermeasure created {"id":70,"name":"Road CM 10 - SEG-034 safety program","targetType":"RoadSegment","lifecycleStatus":"proposed"}
[2025-11-09 21:19:48] INFO: Countermeasure created {"id":71,"name":"Road CM 11 - SEG-042 safety program","targetType":"RoadSegment","lifecycleStatus":"approved"}
[2025-11-09 21:19:48] INFO: Countermeasure created {"id":72,"name":"Road CM 12 - SEG-022 safety program","targetType":"RoadSegment","lifecycleStatus":"implemented"}
[2025-11-09 21:19:48] INFO: Countermeasure created {"id":73,"name":"Road CM 13 - SEG-020 safety program","targetType":"RoadSegment","lifecycleStatus":"proposed"}
[2025-11-09 21:19:48] INFO: Countermeasure created {"id":74,"name":"Road CM 14 - SEG-037 safety program","targetType":"RoadSegment","lifecycleStatus":"approved"}
[2025-11-09 21:19:48] INFO: Countermeasure created {"id":75,"name":"Road CM 15 - SEG-005 safety program","targetType":"RoadSegment","lifecycleStatus":"approved"}
[2025-11-09 21:19:48] INFO: Countermeasure created {"id":76,"name":"Road CM 16 - SEG-015 safety program","targetType":"RoadSegment","lifecycleStatus":"approved"}
[2025-11-09 21:19:48] INFO: Countermeasure created {"id":77,"name":"Road CM 17 - SEG-035 safety program","targetType":"RoadSegment","lifecycleStatus":"proposed"}
[2025-11-09 21:19:48] INFO: Countermeasure created {"id":78,"name":"Road CM 18 - SEG-029 safety program","targetType":"RoadSegment","lifecycleStatus":"implemented"}
[2025-11-09 21:19:48] INFO: Countermeasure created {"id":79,"name":"Road CM 19 - SEG-014 safety program","targetType":"RoadSegment","lifecycleStatus":"implemented"}
[2025-11-09 21:19:48] INFO: Countermeasure created {"id":80,"name":"Road CM 20 - SEG-039 safety program","targetType":"RoadSegment","lifecycleStatus":"approved"}
[2025-11-09 21:19:48] INFO: Countermeasure created {"id":81,"name":"Road CM 21 - SEG-040 safety program","targetType":"RoadSegment","lifecycleStatus":"proposed"}
[2025-11-09 21:19:48] INFO: Countermeasure created {"id":82,"name":"Road CM 22 - SEG-045 safety program","targetType":"RoadSegment","lifecycleStatus":"approved"}
[2025-11-09 21:19:48] INFO: Countermeasure created {"id":83,"name":"Road CM 23 - SEG-014 safety program","targetType":"RoadSegment","lifecycleStatus":"proposed"}
[2025-11-09 21:19:48] INFO: Countermeasure created {"id":84,"name":"Road CM 24 - SEG-025 safety program","targetType":"RoadSegment","lifecycleStatus":"proposed"}
[2025-11-09 21:19:48] INFO: Countermeasure created {"id":85,"name":"Road CM 25 - SEG-030 safety program","targetType":"RoadSegment","lifecycleStatus":"implemented"}
[2025-11-09 21:19:48] INFO: Countermeasure created {"id":86,"name":"Road CM 26 - SEG-041 safety program","targetType":"RoadSegment","lifecycleStatus":"approved"}
[2025-11-09 21:19:48] INFO: Countermeasure created {"id":87,"name":"Road CM 27 - SEG-040 safety program","targetType":"RoadSegment","lifecycleStatus":"approved"}
[2025-11-09 21:19:48] INFO: Countermeasure created {"id":88,"name":"Road CM 28 - SEG-034 safety program","targetType":"RoadSegment","lifecycleStatus":"proposed"}
[2025-11-09 21:19:48] INFO: Countermeasure created {"id":89,"name":"Road CM 29 - SEG-014 safety program","targetType":"RoadSegment","lifecycleStatus":"implemented"}
[2025-11-09 21:19:48] INFO: Countermeasure created {"id":90,"name":"Road CM 30 - SEG-004 safety program","targetType":"RoadSegment","lifecycleStatus":"implemented"}
[2025-11-09 21:19:48] INFO: Countermeasure created {"id":91,"name":"Road CM 31 - SEG-002 safety program","targetType":"RoadSegment","lifecycleStatus":"implemented"}
[2025-11-09 21:19:48] INFO: Countermeasure created {"id":92,"name":"Road CM 32 - SEG-004 safety program","targetType":"RoadSegment","lifecycleStatus":"approved"}
[2025-11-09 21:19:48] INFO: Countermeasure created {"id":93,"name":"Road CM 33 - SEG-048 safety program","targetType":"RoadSegment","lifecycleStatus":"proposed"}
[2025-11-09 21:19:48] INFO: Countermeasure created {"id":94,"name":"Road CM 34 - SEG-042 safety program","targetType":"RoadSegment","lifecycleStatus":"approved"}
[2025-11-09 21:19:48] INFO: Countermeasure created {"id":95,"name":"Road CM 35 - SEG-009 safety program","targetType":"RoadSegment","lifecycleStatus":"proposed"}
[2025-11-09 21:19:48] INFO: Countermeasure created {"id":96,"name":"Road CM 36 - SEG-014 safety program","targetType":"RoadSegment","lifecycleStatus":"implemented"}
[2025-11-09 21:19:48] INFO: Countermeasure created {"id":97,"name":"Road CM 37 - SEG-008 safety program","targetType":"RoadSegment","lifecycleStatus":"implemented"}
[2025-11-09 21:19:48] INFO: Countermeasure created {"id":98,"name":"Road CM 38 - SEG-011 safety program","targetType":"RoadSegment","lifecycleStatus":"implemented"}
[2025-11-09 21:19:48] INFO: Countermeasure created {"id":99,"name":"Road CM 39 - SEG-003 safety program","targetType":"RoadSegment","lifecycleStatus":"approved"}
[2025-11-09 21:19:48] INFO: Countermeasure created {"id":100,"name":"Road CM 40 - SEG-031 safety program","targetType":"RoadSegment","lifecycleStatus":"proposed"}
